This is pdfTeX, Version 3.14159265-2.6-1.40.20 (TeX Live 2019) (preloaded format=pdflatex 2019.5.8)  4 DEC 2019 10:11
entering extended mode
 restricted \write18 enabled.
 file:line:error style messages enabled.
 %&-line parsing enabled.
**forallxsyr.tex
(./forallxsyr.tex
LaTeX2e <2018-12-01>
(/usr/local/texlive/2019/texmf-dist/tex/latex/memoir/memoir.cls
Document Class: memoir 2018/12/12 v3.7h configurable book, report, article docu
ment class
\onelineskip=\skip41
\lxvchars=\skip42
\xlvchars=\skip43
\@memcnta=\count80
\c@@memmarkcntra=\count81
(/usr/local/texlive/2019/texmf-dist/tex/generic/oberdiek/ifpdf.sty
Package: ifpdf 2018/09/07 v3.3 Provides the ifpdf switch
)
(/usr/local/texlive/2019/texmf-dist/tex/latex/ifetex/ifetex.sty
Package: ifetex 2018/03/31 v1.2a ifetex

(/usr/local/texlive/2019/texmf-dist/tex/plain/ifetex/ifetex.tex))
(/usr/local/texlive/2019/texmf-dist/tex/generic/ifxetex/ifxetex.sty
Package: ifxetex 2010/09/12 v0.6 Provides ifxetex conditional
)
(/usr/local/texlive/2019/texmf-dist/tex/generic/oberdiek/ifluatex.sty
Package: ifluatex 2016/05/16 v1.4 Provides the ifluatex switch (HO)
Package ifluatex Info: LuaTeX not detected.
)
\stockheight=\skip44
\stockwidth=\skip45
\trimtop=\skip46
\trimedge=\skip47

(/usr/local/texlive/2019/texmf-dist/tex/latex/memoir/mem11.clo
File: mem11.clo 2008/01/30 v0.3 memoir class 11pt size option
)
\binding=\skip48
\spinemargin=\skip49
\foremargin=\skip50
\uppermargin=\skip51
\lowermargin=\skip52
\headdrop=\skip53
\normalrulethickness=\skip54
\mem@maxheadheight=\skip55
\mem@maxfootheight=\skip56
\headwidth=\skip57
\c@storedpagenumber=\count82
\memPD=\dimen102
\m@mabparskip=\skip58
\thanksmarkwidth=\skip59
\thanksmarksep=\skip60
\droptitle=\skip61
\c@book=\count83
\c@part=\count84
\c@chapter=\count85
\c@section=\count86
\c@subsection=\count87
\c@subsubsection=\count88
\c@paragraph=\count89
\c@subparagraph=\count90
\beforechapskip=\skip62
\midchapskip=\skip63
\afterchapskip=\skip64
\chapindent=\skip65
\bottomsectionskip=\skip66
\secindent=\skip67
\beforesecskip=\skip68
\aftersecskip=\skip69
\subsecindent=\skip70
\beforesubsecskip=\skip71
\aftersubsecskip=\skip72
\subsubsecindent=\skip73
\beforesubsubsecskip=\skip74
\aftersubsubsecskip=\skip75
\paraindent=\skip76
\beforeparaskip=\skip77
\afterparaskip=\skip78
\subparaindent=\skip79
\beforesubparaskip=\skip80
\aftersubparaskip=\skip81
\pfbreakskip=\skip82
\c@@ppsavesec=\count91
\c@@ppsaveapp=\count92
\ragrparindent=\dimen103
\everylistparindent=\dimen104
\parsepi=\skip83
\topsepi=\skip84
\itemsepi=\skip85
\parsepii=\skip86
\topsepii=\skip87
\topsepiii=\skip88
\itemsepii=\skip89
\itemsepiii=\skip90
\partopsepii=\skip91
\partopsepiii=\skip92
\m@msavetopsep=\skip93
\m@msavepartopsep=\skip94
\@enLab=\toks14
\abstitleskip=\skip95
\absleftindent=\skip96
\abs@leftindent=\dimen105
\absrightindent=\skip97
\absparindent=\skip98
\absparsep=\skip99
\c@vslineno=\count93
\c@poemline=\count94
\c@modulo@vs=\count95
\c@memfvsline=\count96
\vleftskip=\skip100
\vrightskip=\skip101
\stanzaskip=\skip102
\versewidth=\skip103
\vgap=\skip104
\vindent=\skip105
\vleftmargin=\dimen106
\c@verse=\count97
\c@chrsinstr=\count98
\beforepoemtitleskip=\skip106
\afterpoemtitleskip=\skip107
\c@poem=\count99
\beforePoemTitleskip=\skip108
\midPoemTitleskip=\skip109
\afterPoemTitleskip=\skip110

(/usr/local/texlive/2019/texmf-dist/tex/latex/tools/array.sty
Package: array 2018/12/30 v2.4k Tabular extension package (FMi)
\col@sep=\dimen107
\ar@mcellbox=\box27
\extrarowheight=\dimen108
\NC@list=\toks15
\extratabsurround=\skip111
\backup@length=\skip112
\ar@cellbox=\box28
)
(/usr/local/texlive/2019/texmf-dist/tex/latex/tools/dcolumn.sty
Package: dcolumn 2014/10/28 v1.06 decimal alignment package (DPC)
)
(/usr/local/texlive/2019/texmf-dist/tex/latex/tools/delarray.sty
Package: delarray 2014/10/28 v1.01 array delimiter package (DPC)
)
(/usr/local/texlive/2019/texmf-dist/tex/latex/tools/tabularx.sty
Package: tabularx 2016/02/03 v2.11b `tabularx' package (DPC)
\TX@col@width=\dimen109
\TX@old@table=\dimen110
\TX@old@col=\dimen111
\TX@target=\dimen112
\TX@delta=\dimen113
\TX@cols=\count100
\TX@ftn=\toks16
)
\heavyrulewidth=\dimen114
\lightrulewidth=\dimen115
\cmidrulewidth=\dimen116
\belowrulesep=\dimen117
\belowbottomsep=\dimen118
\aboverulesep=\dimen119
\abovetopsep=\dimen120
\cmidrulesep=\dimen121
\cmidrulekern=\dimen122
\defaultaddspace=\dimen123
\@cmidla=\count101
\@cmidlb=\count102
\@aboverulesep=\dimen124
\@belowrulesep=\dimen125
\@thisruleclass=\count103
\@lastruleclass=\count104
\@thisrulewidth=\dimen126
\ctableftskip=\skip113
\ctabrightskip=\skip114
\abovecolumnspenalty=\count105
\@linestogo=\count106
\@cellstogo=\count107
\@cellsincolumn=\count108
\crtok=\toks17
\@mincolumnwidth=\dimen127
\c@newflo@tctr=\count109
\mem@margin@floatbox=\box29
\@contcwidth=\skip115
\@contindw=\skip116
\abovecaptionskip=\skip117
\belowcaptionskip=\skip118
\subfloattopskip=\skip119
\subfloatcapskip=\skip120
\subfloatcaptopadj=\skip121
\subfloatbottomskip=\skip122
\subfloatlabelskip=\skip123
\subfloatcapmargin=\dimen128
\c@@contsubnum=\count110
\m@mscap@capbox=\box30
\m@mscap@fbox=\box31
\sidecapsep=\dimen129
\sidecapwidth=\dimen130
\m@m@tempdima=\dimen131
\m@mscapraise=\dimen132
\sidecapraise=\dimen133
\m@mscapmainwidth=\dimen134
\m@mscaplkern=\dimen135
\beforeepigraphskip=\skip124
\afterepigraphskip=\skip125
\epigraphwidth=\skip126
\epigraphrule=\skip127
LaTeX Info: Redefining \em on input line 7592.
LaTeX Info: Redefining \emph on input line 7600.
\tocentryskip=\skip128
\tocbaseline=\skip129
\cftparskip=\skip130
\cftbeforebookskip=\skip131
\cftbookindent=\dimen136
\cftbooknumwidth=\dimen137
\cftbeforepartskip=\skip132
\cftpartindent=\skip133
\cftpartnumwidth=\skip134
\cftbeforechapterskip=\skip135
\cftchapterindent=\skip136
\cftchapternumwidth=\skip137
\cftbeforesectionskip=\skip138
\cftsectionindent=\skip139
\cftsectionnumwidth=\skip140
\cftbeforesubsectionskip=\skip141
\cftsubsectionindent=\skip142
\cftsubsectionnumwidth=\skip143
\cftbeforesubsubsectionskip=\skip144
\cftsubsubsectionindent=\skip145
\cftsubsubsectionnumwidth=\skip146
\cftbeforeparagraphskip=\skip147
\cftparagraphindent=\skip148
\cftparagraphnumwidth=\skip149
\cftbeforesubparagraphskip=\skip150
\cftsubparagraphindent=\skip151
\cftsubparagraphnumwidth=\skip152
\prechapterprecisshift=\dimen138
\c@maxsecnumdepth=\count111
\bibindent=\dimen139
\bibitemsep=\skip153
\indexcolsep=\skip154
\indexrule=\skip155
\indexmarkstyle=\toks18
\@indexbox=\insert199
\glossarycolsep=\dimen140
\glossaryrule=\dimen141
\sideparvshift=\skip156
\sideins=\insert198
\sidebartopsep=\skip157
\sidebarhsep=\skip158
\sidebarvsep=\skip159
\sidebarwidth=\skip160
\footmarkwidth=\skip161
\footmarksep=\skip162
\footparindent=\skip163
\footinsdim=\skip164
\footinsv@r=\insert197
\@mpfootinsv@r=\insert196
\m@m@k=\count112
\m@m@h=\dimen142
\m@mipn@skip=\skip165
\sidefootins=\insert195
\sidefootadjust=\skip166
\sidefootheight=\skip167
\sidefoothsep=\skip168
\sidefootvsep=\skip169
\sidefootwidth=\skip170
\m@mdownsf=\skip171
\c@sidefootnote=\count113
\sidefootmarkwidth=\skip172
\sidefootmarksep=\skip173
\sidefootparindent=\skip174
\c@pagenote=\count114
\c@pagenoteshadow=\count115
\mem@pn@lastkern=\skip175
\every@verbatim=\toks19
\afterevery@verbatim=\toks20
\verbatim@line=\toks21
\tab@position=\count116
\verbatim@in@stream=\read1
\verbatimindent=\skip176
\verbatim@out=\write3
\bvboxsep=\skip177
\c@memfbvline=\count117
\c@bvlinectr=\count118
\bvnumlength=\skip178
\fb@frw=\dimen143
\fb@frh=\dimen144
\FrameRule=\dimen145
\FrameSep=\dimen146
\c@cp@cntr=\count119
LaTeX Info: Redefining \: on input line 12114.
LaTeX Info: Redefining \! on input line 12116.
\c@ism@mctr=\count120
\c@xsm@mctr=\count121
\c@csm@mctr=\count122
\c@ksm@mctr=\count123
\c@xksm@mctr=\count124
\c@cksm@mctr=\count125
\c@msm@mctr=\count126
\c@xmsm@mctr=\count127
\c@cmsm@mctr=\count128
\c@bsm@mctr=\count129
\c@workm@mctr=\count130
\c@sheetsequence=\count131
\c@lastsheet=\count132
\c@lastpage=\count133
\c@figure=\count134
\c@lofdepth=\count135
\cftbeforefigureskip=\skip179
\cftfigureindent=\skip180
\cftfigurenumwidth=\skip181
\c@table=\count136
\c@lotdepth=\count137
\cftbeforetableskip=\skip182
\cfttableindent=\skip183
\cfttablenumwidth=\skip184
Package abstract [2008/07/23] emulated by memoir.
Package appendix [2008/07/23] emulated by memoir.
Package booktabs [2016/05/16] emulated by memoir.
Package ccaption [2008/07/23] emulated by memoir.
Package changepage [2008/07/23] emulated by memoir.
Package chngcntr [2008/07/23] emulated by memoir.
Package chngpage [2008/07/23] emulated by memoir.
Package crop emulated by memoir.
Package enumerate [2008/07/23] emulated by memoir.
Package epigraph [2008/07/23] emulated by memoir.
Package ifmtarg [2008/07/23] emulated by memoir.
Package index [2008/07/23] emulated by memoir.
Package makeidx [2008/07/23] emulated by memoir.
Package moreverb [2008/07/23] emulated by memoir.
Package mparhack [2008/07/23] emulated by memoir.
Package needspace [2008/07/23] emulated by memoir.
Package newfile [2008/07/23] emulated by memoir.
Package nextpage [2008/07/23] emulated by memoir.
Package pagenote [2008/07/23] emulated by memoir.
Package parskip [2008/07/23] emulated by memoir.
Package patchcmd [2008/07/23] emulated by memoir.
Package setspace [2008/07/23] emulated by memoir.
Package shortvrb [2008/07/23] emulated by memoir.
Package showidx [2008/07/23] emulated by memoir.
Package titleref [2008/07/23] emulated by memoir.
Package titling [2008/07/23] emulated by memoir.
Package tocbibind [2008/07/23] emulated by memoir.
Package tocloft [2008/07/23] emulated by memoir.
Package tocvsec2 [2008/07/23] emulated by memoir.
Package verbatim [2008/07/23] emulated by memoir.
Package verse [2008/07/23] emulated by memoir.
)
(./forallxsyr.sty
Package: forallxsyr support for forallx:Syracuse

(/usr/local/texlive/2019/texmf-dist/tex/latex/amsfonts/amssymb.sty
Package: amssymb 2013/01/14 v3.01 AMS font symbols

(/usr/local/texlive/2019/texmf-dist/tex/latex/amsfonts/amsfonts.sty
Package: amsfonts 2013/01/14 v3.01 Basic AMSFonts support
\@emptytoks=\toks22
\symAMSa=\mathgroup4
\symAMSb=\mathgroup5
LaTeX Font Info:    Overwriting math alphabet `\mathfrak' in version `bold'
(Font)                  U/euf/m/n --> U/euf/b/n on input line 106.
))
(/usr/local/texlive/2019/texmf-dist/tex/latex/amsmath/amsmath.sty
Package: amsmath 2018/12/01 v2.17b AMS math features
\@mathmargin=\skip185

For additional information on amsmath, use the `?' option.
(/usr/local/texlive/2019/texmf-dist/tex/latex/amsmath/amstext.sty
Package: amstext 2000/06/29 v2.01 AMS text

(/usr/local/texlive/2019/texmf-dist/tex/latex/amsmath/amsgen.sty
File: amsgen.sty 1999/11/30 v2.0 generic functions
\@emptytoks=\toks23
\ex@=\dimen147
))
(/usr/local/texlive/2019/texmf-dist/tex/latex/amsmath/amsbsy.sty
Package: amsbsy 1999/11/29 v1.2d Bold Symbols
\pmbraise@=\dimen148
)
(/usr/local/texlive/2019/texmf-dist/tex/latex/amsmath/amsopn.sty
Package: amsopn 2016/03/08 v2.02 operator names
)
\inf@bad=\count138
LaTeX Info: Redefining \frac on input line 223.
\uproot@=\count139
\leftroot@=\count140
LaTeX Info: Redefining \overline on input line 385.
\classnum@=\count141
\DOTSCASE@=\count142
LaTeX Info: Redefining \ldots on input line 482.
LaTeX Info: Redefining \dots on input line 485.
LaTeX Info: Redefining \cdots on input line 606.
\Mathstrutbox@=\box32
\strutbox@=\box33
\big@size=\dimen149
LaTeX Font Info:    Redeclaring font encoding OML on input line 729.
LaTeX Font Info:    Redeclaring font encoding OMS on input line 730.
\macc@depth=\count143
\c@MaxMatrixCols=\count144
\dotsspace@=\muskip10
\c@parentequation=\count145
\dspbrk@lvl=\count146
\tag@help=\toks24
\row@=\count147
\column@=\count148
\maxfields@=\count149
\andhelp@=\toks25
\eqnshift@=\dimen150
\alignsep@=\dimen151
\tagshift@=\dimen152
\tagwidth@=\dimen153
\totwidth@=\dimen154
\lineht@=\dimen155
\@envbody=\toks26
\multlinegap=\skip186
\multlinetaggap=\skip187
\mathdisplay@stack=\toks27
LaTeX Info: Redefining \[ on input line 2844.
LaTeX Info: Redefining \] on input line 2845.
)
(/usr/local/texlive/2019/texmf-dist/tex/latex/hyperref/hyperref.sty
Package: hyperref 2018/11/30 v6.88e Hypertext links for LaTeX

(/usr/local/texlive/2019/texmf-dist/tex/generic/oberdiek/hobsub-hyperref.sty
Package: hobsub-hyperref 2016/05/16 v1.14 Bundle oberdiek, subset hyperref (HO)


(/usr/local/texlive/2019/texmf-dist/tex/generic/oberdiek/hobsub-generic.sty
Package: hobsub-generic 2016/05/16 v1.14 Bundle oberdiek, subset generic (HO)
Package: hobsub 2016/05/16 v1.14 Construct package bundles (HO)
Package: infwarerr 2016/05/16 v1.4 Providing info/warning/error messages (HO)
Package: ltxcmds 2016/05/16 v1.23 LaTeX kernel commands for general use (HO)
Package hobsub Info: Skipping package `ifluatex' (already loaded).
Package: ifvtex 2016/05/16 v1.6 Detect VTeX and its facilities (HO)
Package ifvtex Info: VTeX not detected.
Package: intcalc 2016/05/16 v1.2 Expandable calculations with integers (HO)
Package hobsub Info: Skipping package `ifpdf' (already loaded).
Package: etexcmds 2016/05/16 v1.6 Avoid name clashes with e-TeX commands (HO)
Package: kvsetkeys 2016/05/16 v1.17 Key value parser (HO)
Package: kvdefinekeys 2016/05/16 v1.4 Define keys (HO)
Package: pdftexcmds 2018/09/10 v0.29 Utility functions of pdfTeX for LuaTeX (HO
)
Package pdftexcmds Info: LuaTeX not detected.
Package pdftexcmds Info: \pdf@primitive is available.
Package pdftexcmds Info: \pdf@ifprimitive is available.
Package pdftexcmds Info: \pdfdraftmode found.
Package: pdfescape 2016/05/16 v1.14 Implements pdfTeX's escape features (HO)
Package: bigintcalc 2016/05/16 v1.4 Expandable calculations on big integers (HO
)
Package: bitset 2016/05/16 v1.2 Handle bit-vector datatype (HO)
Package: uniquecounter 2016/05/16 v1.3 Provide unlimited unique counter (HO)
)
Package hobsub Info: Skipping package `hobsub' (already loaded).
Package: letltxmacro 2016/05/16 v1.5 Let assignment for LaTeX macros (HO)
Package: hopatch 2016/05/16 v1.3 Wrapper for package hooks (HO)
Package: xcolor-patch 2016/05/16 xcolor patch
Package: atveryend 2016/05/16 v1.9 Hooks at the very end of document (HO)
Package atveryend Info: \enddocument detected (standard20110627).
Package: atbegshi 2016/06/09 v1.18 At begin shipout hook (HO)
Package: refcount 2016/05/16 v3.5 Data extraction from label references (HO)
Package: hycolor 2016/05/16 v1.8 Color options for hyperref/bookmark (HO)
)
(/usr/local/texlive/2019/texmf-dist/tex/latex/graphics/keyval.sty
Package: keyval 2014/10/28 v1.15 key=value parser (DPC)
\KV@toks@=\toks28
)
(/usr/local/texlive/2019/texmf-dist/tex/latex/oberdiek/auxhook.sty
Package: auxhook 2016/05/16 v1.4 Hooks for auxiliary files (HO)
)
(/usr/local/texlive/2019/texmf-dist/tex/latex/oberdiek/kvoptions.sty
Package: kvoptions 2016/05/16 v3.12 Key value format for package options (HO)
)
\@linkdim=\dimen156
\Hy@linkcounter=\count150
\Hy@pagecounter=\count151

(/usr/local/texlive/2019/texmf-dist/tex/latex/hyperref/pd1enc.def
File: pd1enc.def 2018/11/30 v6.88e Hyperref: PDFDocEncoding definition (HO)
Now handling font encoding PD1 ...
... no UTF-8 mapping file for font encoding PD1
)
\Hy@SavedSpaceFactor=\count152

(/usr/local/texlive/2019/texmf-dist/tex/latex/latexconfig/hyperref.cfg
File: hyperref.cfg 2002/06/06 v1.2 hyperref configuration of TeXLive
)
Package hyperref Info: Hyper figures OFF on input line 4519.
Package hyperref Info: Link nesting OFF on input line 4524.
Package hyperref Info: Hyper index ON on input line 4527.
Package hyperref Info: Plain pages OFF on input line 4534.
Package hyperref Info: Backreferencing OFF on input line 4539.
Package hyperref Info: Implicit mode ON; LaTeX internals redefined.
Package hyperref Info: Bookmarks ON on input line 4772.
\c@Hy@tempcnt=\count153

(/usr/local/texlive/2019/texmf-dist/tex/latex/url/url.sty
\Urlmuskip=\muskip11
Package: url 2013/09/16  ver 3.4  Verb mode for urls, etc.
)
LaTeX Info: Redefining \url on input line 5125.
\XeTeXLinkMargin=\dimen157
\Fld@menulength=\count154
\Field@Width=\dimen158
\Fld@charsize=\dimen159
Package hyperref Info: Hyper figures OFF on input line 6380.
Package hyperref Info: Link nesting OFF on input line 6385.
Package hyperref Info: Hyper index ON on input line 6388.
Package hyperref Info: backreferencing OFF on input line 6395.
Package hyperref Info: Link coloring OFF on input line 6400.
Package hyperref Info: Link coloring with OCG OFF on input line 6405.
Package hyperref Info: PDF/A mode OFF on input line 6410.
LaTeX Info: Redefining \ref on input line 6450.
LaTeX Info: Redefining \pageref on input line 6454.
\Hy@abspage=\count155
\c@Item=\count156
\c@Hfootnote=\count157
)
(/usr/local/texlive/2019/texmf-dist/tex/latex/memoir/memhfixc.sty
Package: memhfixc 2013/05/30 v1.17 nameref/hyperref package fixes for memoir cl
ass
\c@memhycontfloat=\count158
\c@Hpagenote=\count159
)
Package hyperref Info: Driver (autodetected): hpdftex.

(/usr/local/texlive/2019/texmf-dist/tex/latex/hyperref/hpdftex.def
File: hpdftex.def 2018/11/30 v6.88e Hyperref driver for pdfTeX
\Fld@listcount=\count160
\c@bookmark@seq@number=\count161

(/usr/local/texlive/2019/texmf-dist/tex/latex/oberdiek/rerunfilecheck.sty
Package: rerunfilecheck 2016/05/16 v1.8 Rerun checks for auxiliary files (HO)
Package uniquecounter Info: New unique counter `rerunfilecheck' on input line 2
82.
)
\Hy@SectionHShift=\skip188
)
(/usr/local/texlive/2019/texmf-dist/tex/latex/tools/multicol.sty
Package: multicol 2018/12/27 v1.8v multicolumn formatting (FMi)
\c@tracingmulticols=\count162
\mult@box=\box34
\multicol@leftmargin=\dimen160
\c@unbalance=\count163
\c@collectmore=\count164
\doublecol@number=\count165
\multicoltolerance=\count166
\multicolpretolerance=\count167
\full@width=\dimen161
\page@free=\dimen162
\premulticols=\dimen163
\postmulticols=\dimen164
\multicolsep=\skip189
\multicolbaselineskip=\skip190
\partial@page=\box35
\last@line=\box36
\maxbalancingoverflow=\dimen165
\mult@rightbox=\box37
\mult@grightbox=\box38
\mult@gfirstbox=\box39
\mult@firstbox=\box40
\@tempa=\box41
\@tempa=\box42
\@tempa=\box43
\@tempa=\box44
\@tempa=\box45
\@tempa=\box46
\@tempa=\box47
\@tempa=\box48
\@tempa=\box49
\@tempa=\box50
\@tempa=\box51
\@tempa=\box52
\@tempa=\box53
\@tempa=\box54
\@tempa=\box55
\@tempa=\box56
\@tempa=\box57
\c@columnbadness=\count168
\c@finalcolumnbadness=\count169
\last@try=\dimen166
\multicolovershoot=\dimen167
\multicolundershoot=\dimen168
\mult@nat@firstbox=\box58
\colbreak@box=\box59
\mc@col@check@num=\count170
)
(/usr/local/texlive/2019/texmf-dist/tex/latex/graphics/graphicx.sty
Package: graphicx 2017/06/01 v1.1a Enhanced LaTeX Graphics (DPC,SPQR)

(/usr/local/texlive/2019/texmf-dist/tex/latex/graphics/graphics.sty
Package: graphics 2017/06/25 v1.2c Standard LaTeX Graphics (DPC,SPQR)

(/usr/local/texlive/2019/texmf-dist/tex/latex/graphics/trig.sty
Package: trig 2016/01/03 v1.10 sin cos tan (DPC)
)
(/usr/local/texlive/2019/texmf-dist/tex/latex/graphics-cfg/graphics.cfg
File: graphics.cfg 2016/06/04 v1.11 sample graphics configuration
)
Package graphics Info: Driver file: pdftex.def on input line 99.

(/usr/local/texlive/2019/texmf-dist/tex/latex/graphics-def/pdftex.def
File: pdftex.def 2018/01/08 v1.0l Graphics/color driver for pdftex
))
\Gin@req@height=\dimen169
\Gin@req@width=\dimen170
)
(/usr/local/texlive/2019/texmf-dist/tex/latex/base/ifthen.sty
Package: ifthen 2014/09/29 v1.1c Standard LaTeX ifthen package (DPC)
)
(/usr/local/texlive/2019/texmf-dist/tex/latex/graphics/rotating.sty
Package: rotating 2016/08/11 v2.16d rotated objects in LaTeX
\c@r@tfl@t=\count171
\rotFPtop=\skip191
\rotFPbot=\skip192
\rot@float@box=\box60
\rot@mess@toks=\toks29
)
(/usr/local/texlive/2019/texmf-dist/tex/latex/graphics/color.sty
Package: color 2016/07/10 v1.1e Standard LaTeX Color (DPC)

(/usr/local/texlive/2019/texmf-dist/tex/latex/graphics-cfg/color.cfg
File: color.cfg 2016/01/02 v1.6 sample color configuration
)
Package color Info: Driver file: pdftex.def on input line 147.
)
(/usr/local/texlive/2019/texmf-dist/tex/latex/mdframed/mdframed.sty
Package: mdframed 2013/07/01 1.9b: mdframed

(/usr/local/texlive/2019/texmf-dist/tex/latex/l3packages/xparse/xparse.sty
(/usr/local/texlive/2019/texmf-dist/tex/latex/l3kernel/expl3.sty
Package: expl3 2019-05-07 L3 programming layer (loader) 

(/usr/local/texlive/2019/texmf-dist/tex/latex/l3kernel/expl3-code.tex
Package: expl3 2019-05-07 L3 programming layer (code)
\c_max_int=\count172
\l_tmpa_int=\count173
\l_tmpb_int=\count174
\g_tmpa_int=\count175
\g_tmpb_int=\count176
\g__kernel_prg_map_int=\count177
\c__ior_term_ior=\count178
\c_log_iow=\count179
\l_iow_line_count_int=\count180
\l__iow_line_target_int=\count181
\l__iow_one_indent_int=\count182
\l__iow_indent_int=\count183
\c_zero_dim=\dimen171
\c_max_dim=\dimen172
\l_tmpa_dim=\dimen173
\l_tmpb_dim=\dimen174
\g_tmpa_dim=\dimen175
\g_tmpb_dim=\dimen176
\c_zero_skip=\skip193
\c_max_skip=\skip194
\l_tmpa_skip=\skip256
\l_tmpb_skip=\skip257
\g_tmpa_skip=\skip258
\g_tmpb_skip=\skip259
\c_zero_muskip=\muskip12
\c_max_muskip=\muskip13
\l_tmpa_muskip=\muskip14
\l_tmpb_muskip=\muskip15
\g_tmpa_muskip=\muskip16
\g_tmpb_muskip=\muskip17
\l_keys_choice_int=\count184
\l__intarray_loop_int=\count185
\c__intarray_sp_dim=\dimen177
\g__intarray_font_int=\count186
\c__fp_leading_shift_int=\count187
\c__fp_middle_shift_int=\count188
\c__fp_trailing_shift_int=\count189
\c__fp_big_leading_shift_int=\count190
\c__fp_big_middle_shift_int=\count191
\c__fp_big_trailing_shift_int=\count192
\c__fp_Bigg_leading_shift_int=\count193
\c__fp_Bigg_middle_shift_int=\count194
\c__fp_Bigg_trailing_shift_int=\count266
\c__kernel_randint_max_int=\count267
\g__fp_array_int=\count268
\l__fp_array_loop_int=\count269
\l__sort_length_int=\count270
\l__sort_min_int=\count271
\l__sort_top_int=\count272
\l__sort_max_int=\count273
\l__sort_true_max_int=\count274
\l__sort_block_int=\count275
\l__sort_begin_int=\count276
\l__sort_end_int=\count277
\l__sort_A_int=\count278
\l__sort_B_int=\count279
\l__sort_C_int=\count280
\l__tl_analysis_normal_int=\count281
\l__tl_analysis_index_int=\count282
\l__tl_analysis_nesting_int=\count283
\l__tl_analysis_type_int=\count284
\l__regex_internal_a_int=\count285
\l__regex_internal_b_int=\count286
\l__regex_internal_c_int=\count287
\l__regex_balance_int=\count288
\l__regex_group_level_int=\count289
\l__regex_mode_int=\count290
\c__regex_cs_in_class_mode_int=\count291
\c__regex_cs_mode_int=\count292
\l__regex_catcodes_int=\count293
\l__regex_default_catcodes_int=\count294
\c__regex_catcode_D_int=\count295
\c__regex_catcode_S_int=\count296
\c__regex_catcode_L_int=\count297
\c__regex_catcode_O_int=\count298
\c__regex_catcode_A_int=\count299
\c__regex_all_catcodes_int=\count300
\l__regex_show_lines_int=\count301
\l__regex_min_state_int=\count302
\l__regex_max_state_int=\count303
\l__regex_left_state_int=\count304
\l__regex_right_state_int=\count305
\l__regex_capturing_group_int=\count306
\l__regex_min_pos_int=\count307
\l__regex_max_pos_int=\count308
\l__regex_curr_pos_int=\count309
\l__regex_start_pos_int=\count310
\l__regex_success_pos_int=\count311
\l__regex_curr_char_int=\count312
\l__regex_curr_catcode_int=\count313
\l__regex_last_char_int=\count314
\l__regex_case_changed_char_int=\count315
\l__regex_curr_state_int=\count316
\l__regex_step_int=\count317
\l__regex_min_active_int=\count318
\l__regex_max_active_int=\count319
\l__regex_replacement_csnames_int=\count320
\l__regex_match_count_int=\count321
\l__regex_min_submatch_int=\count322
\l__regex_submatch_int=\count323
\l__regex_zeroth_submatch_int=\count324
\g__regex_trace_regex_int=\count325
\c_empty_box=\box61
\l_tmpa_box=\box62
\l_tmpb_box=\box63
\g_tmpa_box=\box64
\g_tmpb_box=\box65
\l__box_top_dim=\dimen178
\l__box_bottom_dim=\dimen179
\l__box_left_dim=\dimen180
\l__box_right_dim=\dimen181
\l__box_top_new_dim=\dimen182
\l__box_bottom_new_dim=\dimen183
\l__box_left_new_dim=\dimen184
\l__box_right_new_dim=\dimen185
\l__box_internal_box=\box66
\l__coffin_internal_box=\box67
\l__coffin_internal_dim=\dimen186
\l__coffin_offset_x_dim=\dimen187
\l__coffin_offset_y_dim=\dimen188
\l__coffin_x_dim=\dimen189
\l__coffin_y_dim=\dimen190
\l__coffin_x_prime_dim=\dimen191
\l__coffin_y_prime_dim=\dimen192
\c_empty_coffin=\box68
\l__coffin_aligned_coffin=\box69
\l__coffin_aligned_internal_coffin=\box70
\l_tmpa_coffin=\box71
\l_tmpb_coffin=\box72
\g_tmpa_coffin=\box73
\g_tmpb_coffin=\box74
\l__coffin_bounding_shift_dim=\dimen193
\l__coffin_left_corner_dim=\dimen194
\l__coffin_right_corner_dim=\dimen256
\l__coffin_bottom_corner_dim=\dimen257
\l__coffin_top_corner_dim=\dimen258
\l__coffin_scaled_total_height_dim=\dimen259
\l__coffin_scaled_width_dim=\dimen260
\c__coffin_empty_coffin=\box75
\l__coffin_display_coffin=\box76
\l__coffin_display_coord_coffin=\box77
\l__coffin_display_pole_coffin=\box78
\l__coffin_display_offset_dim=\dimen261
\l__coffin_display_x_dim=\dimen262
\l__coffin_display_y_dim=\dimen263
\g__file_internal_ior=\read2
\l__seq_internal_a_int=\count326
\l__seq_internal_b_int=\count327
\c__deprecation_minus_one=\count328
)
(/usr/local/texlive/2019/texmf-dist/tex/latex/l3kernel/l3pdfmode.def
File: l3pdfmode.def 2019-04-06 v L3 Experimental driver: PDF mode
\l__driver_color_stack_int=\count329
\l__driver_pdf_tmp_box=\box79
))
Package: xparse 2019-05-03 L3 Experimental document command parser
\l__xparse_current_arg_int=\count330
\g__xparse_grabber_int=\count331
\l__xparse_m_args_int=\count332
\l__xparse_v_nesting_int=\count333
)
(/usr/local/texlive/2019/texmf-dist/tex/latex/etoolbox/etoolbox.sty
Package: etoolbox 2018/08/19 v2.5f e-TeX tools for LaTeX (JAW)
\etb@tempcnta=\count334
)
(/usr/local/texlive/2019/texmf-dist/tex/latex/oberdiek/zref-abspage.sty
Package: zref-abspage 2018/11/21 v2.27 Module abspage for zref (HO)

(/usr/local/texlive/2019/texmf-dist/tex/latex/oberdiek/zref-base.sty
Package: zref-base 2018/11/21 v2.27 Module base for zref (HO)
Package zref Info: New property list: main on input line 759.
Package zref Info: New property: default on input line 760.
Package zref Info: New property: page on input line 761.
)
\c@abspage=\count335
Package zref Info: New property: abspage on input line 62.
)
\mdf@templength=\skip260
\c@mdf@globalstyle@cnt=\count336
\mdf@skipabove@length=\skip261
\mdf@skipbelow@length=\skip262
\mdf@leftmargin@length=\skip263
\mdf@rightmargin@length=\skip264
\mdf@innerleftmargin@length=\skip265
\mdf@innerrightmargin@length=\skip266
\mdf@innertopmargin@length=\skip267
\mdf@innerbottommargin@length=\skip268
\mdf@splittopskip@length=\skip269
\mdf@splitbottomskip@length=\skip270
\mdf@outermargin@length=\skip271
\mdf@innermargin@length=\skip272
\mdf@linewidth@length=\skip273
\mdf@innerlinewidth@length=\skip274
\mdf@middlelinewidth@length=\skip275
\mdf@outerlinewidth@length=\skip276
\mdf@roundcorner@length=\skip277
\mdf@footenotedistance@length=\skip278
\mdf@userdefinedwidth@length=\skip279
\mdf@needspace@length=\skip280
\mdf@frametitleaboveskip@length=\skip281
\mdf@frametitlebelowskip@length=\skip282
\mdf@frametitlerulewidth@length=\skip283
\mdf@frametitleleftmargin@length=\skip284
\mdf@frametitlerightmargin@length=\skip285
\mdf@shadowsize@length=\skip286
\mdf@extratopheight@length=\skip287
\mdf@subtitleabovelinewidth@length=\skip288
\mdf@subtitlebelowlinewidth@length=\skip289
\mdf@subtitleaboveskip@length=\skip290
\mdf@subtitlebelowskip@length=\skip291
\mdf@subtitleinneraboveskip@length=\skip292
\mdf@subtitleinnerbelowskip@length=\skip293
\mdf@subsubtitleabovelinewidth@length=\skip294
\mdf@subsubtitlebelowlinewidth@length=\skip295
\mdf@subsubtitleaboveskip@length=\skip296
\mdf@subsubtitlebelowskip@length=\skip297
\mdf@subsubtitleinneraboveskip@length=\skip298
\mdf@subsubtitleinnerbelowskip@length=\skip299

(/usr/local/texlive/2019/texmf-dist/tex/latex/mdframed/md-frame-0.mdf
File: md-frame-0.mdf 2013/07/01\ 1.9b: md-frame-0
)
\mdf@frametitlebox=\box80
\mdf@footnotebox=\box81
\mdf@splitbox@one=\box82
\mdf@splitbox@two=\box83
\mdf@splitbox@save=\box84
\mdfsplitboxwidth=\skip300
\mdfsplitboxtotalwidth=\skip301
\mdfsplitboxheight=\skip302
\mdfsplitboxdepth=\skip303
\mdfsplitboxtotalheight=\skip304
\mdfframetitleboxwidth=\skip305
\mdfframetitleboxtotalwidth=\skip306
\mdfframetitleboxheight=\skip307
\mdfframetitleboxdepth=\skip308
\mdfframetitleboxtotalheight=\skip309
\mdffootnoteboxwidth=\skip310
\mdffootnoteboxtotalwidth=\skip311
\mdffootnoteboxheight=\skip312
\mdffootnoteboxdepth=\skip313
\mdffootnoteboxtotalheight=\skip314
\mdftotallinewidth=\skip315
\mdfboundingboxwidth=\skip316
\mdfboundingboxtotalwidth=\skip317
\mdfboundingboxheight=\skip318
\mdfboundingboxdepth=\skip319
\mdfboundingboxtotalheight=\skip320
\mdf@freevspace@length=\skip321
\mdf@horizontalwidthofbox@length=\skip322
\mdf@verticalmarginwhole@length=\skip323
\mdf@horizontalspaceofbox=\skip324
\mdfsubtitleheight=\skip325
\mdfsubsubtitleheight=\skip326
\c@mdfcountframes=\count337

****** mdframed patching \endmdf@trivlist

****** -- success******

\mdf@envdepth=\count338
\c@mdf@env@i=\count339
\c@mdf@env@ii=\count340
\c@mdf@zref@counter=\count341
Package zref Info: New property: mdf@pagevalue on input line 895.
)
(/usr/local/texlive/2019/texmf-dist/tex/latex/qtree/qtree.sty
Package: 2008/12/12 v.3.1bQtree: tree-drawing for linguistics
Package: qtree 2008/12/12 v.3.1bQtree: tree-drawing for linguistics
(/usr/local/texlive/2019/texmf-dist/tex/latex/pict2e/pict2e.sty
Package: pict2e 2016/02/05 v0.3b Improved picture commands (HjG,RN,JT)

(/usr/local/texlive/2019/texmf-dist/tex/latex/pict2e/pict2e.cfg
File: pict2e.cfg 2016/02/05 v0.1u pict2e configuration for teTeX/TeXLive
)
Package pict2e Info: Driver file: pdftex.def on input line 119.
Package pict2e Info: Driver file for pict2e: p2e-pdftex.def on input line 121.

(/usr/local/texlive/2019/texmf-dist/tex/latex/pict2e/p2e-pdftex.def
File: p2e-pdftex.def 2016/02/05 v0.1u Driver-dependant file (RN,HjG,JT)
)
\pIIe@GRAPH=\toks30
\@arclen=\dimen264
\@arcrad=\dimen265
\@tempdimd=\dimen266
)
\c@treecount=\count342
\c@branchcount=\count343
\parentbox=\box85
\treebox=\box86
\treeboxone=\box87
\treeboxtwo=\box88
\treeboxthree=\box89
\treeboxfour=\box90
\treeboxfive=\box91
\treeboxsix=\box92
\treeboxseven=\box93
\treeboxeight=\box94
\treeboxnine=\box95
\treeboxten=\box96
\treeboxeleven=\box97
\treeboxtwelve=\box98
\treeboxthirteen=\box99
\treeboxfourteen=\box100
\treeboxfifteen=\box101
\treeboxsixteen=\box102
\treeboxseventeen=\box103
\treeboxeighteen=\box104
\treeboxnineteen=\box105
\treeboxtwenty=\box106
\treeoffsetone=\skip327
\treeoffsettwo=\skip328
\treeoffsetthree=\skip329
\treeoffsetfour=\skip330
\treeoffsetfive=\skip331
\treeoffsetsix=\skip332
\treeoffsetseven=\skip333
\treeoffseteight=\skip334
\treeoffsetnine=\skip335
\treeoffsetten=\skip336
\treeoffseteleven=\skip337
\treeoffsettwelve=\skip338
\treeoffsetthirteen=\skip339
\treeoffsetfourteen=\skip340
\treeoffsetfifteen=\skip341
\treeoffsetsixteen=\skip342
\treeoffsetseventeen=\skip343
\treeoffseteighteen=\skip344
\treeoffsetnineteen=\skip345
\treeoffsettwenty=\skip346
\treeshiftone=\skip347
\treeshifttwo=\skip348
\treeshiftthree=\skip349
\treeshiftfour=\skip350
\treeshiftfive=\skip351
\treeshiftsix=\skip352
\treeshiftseven=\skip353
\treeshifteight=\skip354
\treeshiftnine=\skip355
\treeshiftten=\skip356
\treeshifteleven=\skip357
\treeshifttwelve=\skip358
\treeshiftthirteen=\skip359
\treeshiftfourteen=\skip360
\treeshiftfifteen=\skip361
\treeshiftsixteen=\skip362
\treeshiftseventeen=\skip363
\treeshifteighteen=\skip364
\treeshiftnineteen=\skip365
\treeshifttwenty=\skip366
\treewidthone=\skip367
\treewidthtwo=\skip368
\treewidththree=\skip369
\treewidthfour=\skip370
\treewidthfive=\skip371
\treewidthsix=\skip372
\treewidthseven=\skip373
\treewidtheight=\skip374
\treewidthnine=\skip375
\treewidthten=\skip376
\treewidtheleven=\skip377
\treewidthtwelve=\skip378
\treewidththirteen=\skip379
\treewidthfourteen=\skip380
\treewidthfifteen=\skip381
\treewidthsixteen=\skip382
\treewidthseventeen=\skip383
\treewidtheighteen=\skip384
\treewidthnineteen=\skip385
\treewidthtwenty=\skip386
\daughteroffsetone=\skip387
\daughteroffsettwo=\skip388
\daughteroffsetthree=\skip389
\daughteroffsetfour=\skip390
\branchwidthone=\skip391
\branchwidthtwo=\skip392
\branchwidththree=\skip393
\branchwidthfour=\skip394
\parentoffset=\skip395
\treeoffset=\skip396
\daughteroffset=\skip397
\branchwidth=\skip398
\parentwidth=\skip399
\treewidth=\skip400
\qta=\toks31
\qtb=\toks32
\nbranches=\count344
\qroofx=\count345
\qroofy=\count346
\@qrscratchbox=\box107
)
(/Users/morieppe/Library/texmf/tex/latex/fitch.sty
(/usr/local/texlive/2019/texmf-dist/tex/latex/mdwtools/mdwtab.sty
Package: mdwtab 1998/04/28 1.9 Table typesetting with style
\tab@state=\count347
\tab@columns=\count348
\tab@preamble=\toks33
\tab@shortline=\toks34
\extrarowheight=\dimen267
\tabextrasep=\dimen268
\arrayextrasep=\dimen269
\smarraycolsep=\dimen270
\smarrayextrasep=\dimen271
\tab@width=\dimen272
\col@sep=\dimen273
\tab@endheight=\dimen274
\tab@leftskip=\skip401
\tab@rightskip=\skip402
\fn@notes=\box108
\fn@width=\dimen275
)
(/usr/local/texlive/2019/texmf-dist/tex/latex/base/latexsym.sty
Package: latexsym 1998/08/17 v2.2e Standard LaTeX package (lasy symbols)
\symlasy=\mathgroup6
LaTeX Font Info:    Overwriting symbol font `lasy' in version `bold'
(Font)                  U/lasy/m/n --> U/lasy/b/n on input line 52.
)
\fitchlineht=\skip403
\fitchindent=\skip404
\fitchcomind=\skip405
\fitchnumwd=\skip406
\c@fitchcounter=\count349
)
(/usr/local/texlive/2019/texmf-dist/tex/latex/titlesec/titlesec.sty
Package: titlesec 2016/03/21 v2.10.2 Sectioning titles
\ttl@box=\box109
\beforetitleunit=\skip407
\aftertitleunit=\skip408
\ttl@plus=\dimen276
\ttl@minus=\dimen277
\ttl@toksa=\toks35
\titlewidth=\dimen278
\titlewidthlast=\dimen279
\titlewidthfirst=\dimen280
)
(/usr/local/texlive/2019/texmf-dist/tex/latex/mathalfa/mathalfa.sty
Package: mathalfa 2018/05/02 - 1.10mathalfa (License LPPL) Michael Sharpe

(/usr/local/texlive/2019/texmf-dist/tex/latex/xkeyval/xkeyval.sty
Package: xkeyval 2014/12/03 v2.7a package option processing (HA)

(/usr/local/texlive/2019/texmf-dist/tex/generic/xkeyval/xkeyval.tex
(/usr/local/texlive/2019/texmf-dist/tex/generic/xkeyval/xkvutils.tex
\XKV@toks=\toks36
\XKV@tempa@toks=\toks37
)
\XKV@depth=\count350
File: xkeyval.tex 2014/12/03 v2.7a key=value parser (HA)
))
LaTeX Font Info:    Redeclaring math alphabet \mathcal on input line 296.
LaTeX Font Info:    Overwriting math alphabet `\mathcal' in version `bold'
(Font)                  U/BOONDOX-calo/m/n --> U/BOONDOX-calo/b/n on input line
 297.
)
\c@eargnum=\count351
\c@OLDeargnum=\count352
\c@Example=\count353
\c@ProbPart=\count354
\c@countSeq=\count355


******************************************************
Stock height and width: 845.04684pt by 597.50787pt
Top and edge trims: 0pt and 0pt
Page height and width: 845.04684pt by 597.50787pt
Text height and width: 650.20029pt by 398pt
Spine and edge margins: 99.57886pt and 99.59044pt
Upper and lower margins: 99.57886pt and 95.2677pt
Headheight and headsep: 13.6pt and 19.8738pt
Footskip: 27.46295pt
Columnsep and columnseprule: 10pt and 0pt
Marginparsep and marginparwidth: 7pt and 85.59044pt
Sidecapsep and sidecapwidth: 7pt and 57pt
Sidebarhsep and sidebarwidth: 7pt and 57pt
Sidebarvsep and sidebartopsep: 13.6pt and 0pt
Sidebarheight: 539.9202pt
Sidefoothsep and sidefootwidth: 7pt and 57pt
Sidefootvsep and sidefootheight: 13.6pt and 539.9202pt
******************************************************

Package hyperref Info: Option `colorlinks' set `true' on input line 172.
Package hyperref Info: Option `pdfdisplaydoctitle' set `false' on input line 17
2.
\nd*ctr=\count356
\nd*dim=\skip409
\nd*depthdim=\dimen281
\nd*hsep=\dimen282
\nd*n=\count357
(/usr/local/texlive/2019/texmf-dist/tex/latex/pgf/frontendlayer/tikz.sty
(/usr/local/texlive/2019/texmf-dist/tex/latex/pgf/basiclayer/pgf.sty
(/usr/local/texlive/2019/texmf-dist/tex/latex/pgf/utilities/pgfrcs.sty
(/usr/local/texlive/2019/texmf-dist/tex/generic/pgf/utilities/pgfutil-common.te
x
\pgfutil@everybye=\toks38
\pgfutil@tempdima=\dimen283
\pgfutil@tempdimb=\dimen284

(/usr/local/texlive/2019/texmf-dist/tex/generic/pgf/utilities/pgfutil-common-li
sts.tex))
(/usr/local/texlive/2019/texmf-dist/tex/generic/pgf/utilities/pgfutil-latex.def
\pgfutil@abb=\box110
(/usr/local/texlive/2019/texmf-dist/tex/latex/ms/everyshi.sty
Package: everyshi 2001/05/15 v3.00 EveryShipout Package (MS)
))
(/usr/local/texlive/2019/texmf-dist/tex/generic/pgf/utilities/pgfrcs.code.tex
(/usr/local/texlive/2019/texmf-dist/tex/generic/pgf/pgf.revision.tex)
Package: pgfrcs 2019/04/04 v3.1.2 (3.1.2)
))
Package: pgf 2019/04/04 v3.1.2 (3.1.2)

(/usr/local/texlive/2019/texmf-dist/tex/latex/pgf/basiclayer/pgfcore.sty
(/usr/local/texlive/2019/texmf-dist/tex/latex/pgf/systemlayer/pgfsys.sty
(/usr/local/texlive/2019/texmf-dist/tex/generic/pgf/systemlayer/pgfsys.code.tex
Package: pgfsys 2019/04/04 v3.1.2 (3.1.2)
(/usr/local/texlive/2019/texmf-dist/tex/generic/pgf/utilities/pgfkeys.code.tex
\pgfkeys@pathtoks=\toks39
\pgfkeys@temptoks=\toks40

(/usr/local/texlive/2019/texmf-dist/tex/generic/pgf/utilities/pgfkeysfiltered.c
ode.tex
\pgfkeys@tmptoks=\toks41
))
\pgf@x=\dimen285
\pgf@y=\dimen286
\pgf@xa=\dimen287
\pgf@ya=\dimen288
\pgf@xb=\dimen289
\pgf@yb=\dimen290
\pgf@xc=\dimen291
\pgf@yc=\dimen292
\w@pgf@writea=\write4
\r@pgf@reada=\read3
\c@pgf@counta=\count358
\c@pgf@countb=\count359
\c@pgf@countc=\count360
\c@pgf@countd=\count361
\t@pgf@toka=\toks42
\t@pgf@tokb=\toks43
\t@pgf@tokc=\toks44
\pgf@sys@id@count=\count362

(/usr/local/texlive/2019/texmf-dist/tex/generic/pgf/systemlayer/pgf.cfg
File: pgf.cfg 2019/04/04 v3.1.2 (3.1.2)
)
Driver file for pgf: pgfsys-pdftex.def

(/usr/local/texlive/2019/texmf-dist/tex/generic/pgf/systemlayer/pgfsys-pdftex.d
ef
File: pgfsys-pdftex.def 2019/04/04 v3.1.2 (3.1.2)

(/usr/local/texlive/2019/texmf-dist/tex/generic/pgf/systemlayer/pgfsys-common-p
df.def
File: pgfsys-common-pdf.def 2019/04/04 v3.1.2 (3.1.2)
)))
(/usr/local/texlive/2019/texmf-dist/tex/generic/pgf/systemlayer/pgfsyssoftpath.
code.tex
File: pgfsyssoftpath.code.tex 2019/04/04 v3.1.2 (3.1.2)
\pgfsyssoftpath@smallbuffer@items=\count363
\pgfsyssoftpath@bigbuffer@items=\count364
)
(/usr/local/texlive/2019/texmf-dist/tex/generic/pgf/systemlayer/pgfsysprotocol.
code.tex
File: pgfsysprotocol.code.tex 2019/04/04 v3.1.2 (3.1.2)
)) (/usr/local/texlive/2019/texmf-dist/tex/latex/xcolor/xcolor.sty
Package: xcolor 2016/05/11 v2.12 LaTeX color extensions (UK)

(/usr/local/texlive/2019/texmf-dist/tex/latex/graphics-cfg/color.cfg
File: color.cfg 2016/01/02 v1.6 sample color configuration
)
Package xcolor Info: Driver file: pdftex.def on input line 225.
LaTeX Info: Redefining \color on input line 709.
Package xcolor Info: Model `cmy' substituted by `cmy0' on input line 1348.
Package xcolor Info: Model `hsb' substituted by `rgb' on input line 1352.
Package xcolor Info: Model `RGB' extended on input line 1364.
Package xcolor Info: Model `HTML' substituted by `rgb' on input line 1366.
Package xcolor Info: Model `Hsb' substituted by `hsb' on input line 1367.
Package xcolor Info: Model `tHsb' substituted by `hsb' on input line 1368.
Package xcolor Info: Model `HSB' substituted by `hsb' on input line 1369.
Package xcolor Info: Model `Gray' substituted by `gray' on input line 1370.
Package xcolor Info: Model `wave' substituted by `hsb' on input line 1371.
)
(/usr/local/texlive/2019/texmf-dist/tex/generic/pgf/basiclayer/pgfcore.code.tex
Package: pgfcore 2019/04/04 v3.1.2 (3.1.2)
(/usr/local/texlive/2019/texmf-dist/tex/generic/pgf/math/pgfmath.code.tex
(/usr/local/texlive/2019/texmf-dist/tex/generic/pgf/math/pgfmathcalc.code.tex
(/usr/local/texlive/2019/texmf-dist/tex/generic/pgf/math/pgfmathutil.code.tex)
(/usr/local/texlive/2019/texmf-dist/tex/generic/pgf/math/pgfmathparser.code.tex
\pgfmath@dimen=\dimen293
\pgfmath@count=\count365
\pgfmath@box=\box111
\pgfmath@toks=\toks45
\pgfmath@stack@operand=\toks46
\pgfmath@stack@operation=\toks47
)
(/usr/local/texlive/2019/texmf-dist/tex/generic/pgf/math/pgfmathfunctions.code.
tex
(/usr/local/texlive/2019/texmf-dist/tex/generic/pgf/math/pgfmathfunctions.basic
.code.tex)
(/usr/local/texlive/2019/texmf-dist/tex/generic/pgf/math/pgfmathfunctions.trigo
nometric.code.tex)
(/usr/local/texlive/2019/texmf-dist/tex/generic/pgf/math/pgfmathfunctions.rando
m.code.tex)
(/usr/local/texlive/2019/texmf-dist/tex/generic/pgf/math/pgfmathfunctions.compa
rison.code.tex)
(/usr/local/texlive/2019/texmf-dist/tex/generic/pgf/math/pgfmathfunctions.base.
code.tex)
(/usr/local/texlive/2019/texmf-dist/tex/generic/pgf/math/pgfmathfunctions.round
.code.tex)
(/usr/local/texlive/2019/texmf-dist/tex/generic/pgf/math/pgfmathfunctions.misc.
code.tex)
(/usr/local/texlive/2019/texmf-dist/tex/generic/pgf/math/pgfmathfunctions.integ
erarithmetics.code.tex)))
(/usr/local/texlive/2019/texmf-dist/tex/generic/pgf/math/pgfmathfloat.code.tex
\c@pgfmathroundto@lastzeros=\count366
))
(/usr/local/texlive/2019/texmf-dist/tex/generic/pgf/basiclayer/pgfcorepoints.co
de.tex
File: pgfcorepoints.code.tex 2019/04/04 v3.1.2 (3.1.2)
\pgf@picminx=\dimen294
\pgf@picmaxx=\dimen295
\pgf@picminy=\dimen296
\pgf@picmaxy=\dimen297
\pgf@pathminx=\dimen298
\pgf@pathmaxx=\dimen299
\pgf@pathminy=\dimen300
\pgf@pathmaxy=\dimen301
\pgf@xx=\dimen302
\pgf@xy=\dimen303
\pgf@yx=\dimen304
\pgf@yy=\dimen305
\pgf@zx=\dimen306
\pgf@zy=\dimen307
)
(/usr/local/texlive/2019/texmf-dist/tex/generic/pgf/basiclayer/pgfcorepathconst
ruct.code.tex
File: pgfcorepathconstruct.code.tex 2019/04/04 v3.1.2 (3.1.2)
\pgf@path@lastx=\dimen308
\pgf@path@lasty=\dimen309
)
(/usr/local/texlive/2019/texmf-dist/tex/generic/pgf/basiclayer/pgfcorepathusage
.code.tex
File: pgfcorepathusage.code.tex 2019/04/04 v3.1.2 (3.1.2)
\pgf@shorten@end@additional=\dimen310
\pgf@shorten@start@additional=\dimen311
)
(/usr/local/texlive/2019/texmf-dist/tex/generic/pgf/basiclayer/pgfcorescopes.co
de.tex
File: pgfcorescopes.code.tex 2019/04/04 v3.1.2 (3.1.2)
\pgfpic=\box112
\pgf@hbox=\box113
\pgf@layerbox@main=\box114
\pgf@picture@serial@count=\count367
)
(/usr/local/texlive/2019/texmf-dist/tex/generic/pgf/basiclayer/pgfcoregraphicst
ate.code.tex
File: pgfcoregraphicstate.code.tex 2019/04/04 v3.1.2 (3.1.2)
\pgflinewidth=\dimen312
)
(/usr/local/texlive/2019/texmf-dist/tex/generic/pgf/basiclayer/pgfcoretransform
ations.code.tex
File: pgfcoretransformations.code.tex 2019/04/04 v3.1.2 (3.1.2)
\pgf@pt@x=\dimen313
\pgf@pt@y=\dimen314
\pgf@pt@temp=\dimen315
)
(/usr/local/texlive/2019/texmf-dist/tex/generic/pgf/basiclayer/pgfcorequick.cod
e.tex
File: pgfcorequick.code.tex 2019/04/04 v3.1.2 (3.1.2)
)
(/usr/local/texlive/2019/texmf-dist/tex/generic/pgf/basiclayer/pgfcoreobjects.c
ode.tex
File: pgfcoreobjects.code.tex 2019/04/04 v3.1.2 (3.1.2)
)
(/usr/local/texlive/2019/texmf-dist/tex/generic/pgf/basiclayer/pgfcorepathproce
ssing.code.tex
File: pgfcorepathprocessing.code.tex 2019/04/04 v3.1.2 (3.1.2)
)
(/usr/local/texlive/2019/texmf-dist/tex/generic/pgf/basiclayer/pgfcorearrows.co
de.tex
File: pgfcorearrows.code.tex 2019/04/04 v3.1.2 (3.1.2)
\pgfarrowsep=\dimen316
)
(/usr/local/texlive/2019/texmf-dist/tex/generic/pgf/basiclayer/pgfcoreshade.cod
e.tex
File: pgfcoreshade.code.tex 2019/04/04 v3.1.2 (3.1.2)
\pgf@max=\dimen317
\pgf@sys@shading@range@num=\count368
\pgf@shadingcount=\count369
)
(/usr/local/texlive/2019/texmf-dist/tex/generic/pgf/basiclayer/pgfcoreimage.cod
e.tex
File: pgfcoreimage.code.tex 2019/04/04 v3.1.2 (3.1.2)

(/usr/local/texlive/2019/texmf-dist/tex/generic/pgf/basiclayer/pgfcoreexternal.
code.tex
File: pgfcoreexternal.code.tex 2019/04/04 v3.1.2 (3.1.2)
\pgfexternal@startupbox=\box115
))
(/usr/local/texlive/2019/texmf-dist/tex/generic/pgf/basiclayer/pgfcorelayers.co
de.tex
File: pgfcorelayers.code.tex 2019/04/04 v3.1.2 (3.1.2)
)
(/usr/local/texlive/2019/texmf-dist/tex/generic/pgf/basiclayer/pgfcoretranspare
ncy.code.tex
File: pgfcoretransparency.code.tex 2019/04/04 v3.1.2 (3.1.2)
)
(/usr/local/texlive/2019/texmf-dist/tex/generic/pgf/basiclayer/pgfcorepatterns.
code.tex
File: pgfcorepatterns.code.tex 2019/04/04 v3.1.2 (3.1.2)
)
(/usr/local/texlive/2019/texmf-dist/tex/generic/pgf/basiclayer/pgfcorerdf.code.
tex
File: pgfcorerdf.code.tex 2019/04/04 v3.1.2 (3.1.2)
)))
(/usr/local/texlive/2019/texmf-dist/tex/generic/pgf/modules/pgfmoduleshapes.cod
e.tex
File: pgfmoduleshapes.code.tex 2019/04/04 v3.1.2 (3.1.2)
\pgfnodeparttextbox=\box116
)
(/usr/local/texlive/2019/texmf-dist/tex/generic/pgf/modules/pgfmoduleplot.code.
tex
File: pgfmoduleplot.code.tex 2019/04/04 v3.1.2 (3.1.2)
)
(/usr/local/texlive/2019/texmf-dist/tex/latex/pgf/compatibility/pgfcomp-version
-0-65.sty
Package: pgfcomp-version-0-65 2019/04/04 v3.1.2 (3.1.2)
\pgf@nodesepstart=\dimen318
\pgf@nodesepend=\dimen319
)
(/usr/local/texlive/2019/texmf-dist/tex/latex/pgf/compatibility/pgfcomp-version
-1-18.sty
Package: pgfcomp-version-1-18 2019/04/04 v3.1.2 (3.1.2)
))
(/usr/local/texlive/2019/texmf-dist/tex/latex/pgf/utilities/pgffor.sty
(/usr/local/texlive/2019/texmf-dist/tex/latex/pgf/utilities/pgfkeys.sty
(/usr/local/texlive/2019/texmf-dist/tex/generic/pgf/utilities/pgfkeys.code.tex)
) (/usr/local/texlive/2019/texmf-dist/tex/latex/pgf/math/pgfmath.sty
(/usr/local/texlive/2019/texmf-dist/tex/generic/pgf/math/pgfmath.code.tex))
(/usr/local/texlive/2019/texmf-dist/tex/generic/pgf/utilities/pgffor.code.tex
Package: pgffor 2019/04/04 v3.1.2 (3.1.2)

(/usr/local/texlive/2019/texmf-dist/tex/generic/pgf/math/pgfmath.code.tex)
\pgffor@iter=\dimen320
\pgffor@skip=\dimen321
\pgffor@stack=\toks48
\pgffor@toks=\toks49
))
(/usr/local/texlive/2019/texmf-dist/tex/generic/pgf/frontendlayer/tikz/tikz.cod
e.tex
Package: tikz 2019/04/04 v3.1.2 (3.1.2)

(/usr/local/texlive/2019/texmf-dist/tex/generic/pgf/libraries/pgflibraryplothan
dlers.code.tex
File: pgflibraryplothandlers.code.tex 2019/04/04 v3.1.2 (3.1.2)
\pgf@plot@mark@count=\count370
\pgfplotmarksize=\dimen322
)
\tikz@lastx=\dimen323
\tikz@lasty=\dimen324
\tikz@lastxsaved=\dimen325
\tikz@lastysaved=\dimen326
\tikzleveldistance=\dimen327
\tikzsiblingdistance=\dimen328
\tikz@figbox=\box117
\tikz@figbox@bg=\box118
\tikz@tempbox=\box119
\tikz@tempbox@bg=\box120
\tikztreelevel=\count371
\tikznumberofchildren=\count372
\tikznumberofcurrentchild=\count373
\tikz@fig@count=\count374

(/usr/local/texlive/2019/texmf-dist/tex/generic/pgf/modules/pgfmodulematrix.cod
e.tex
File: pgfmodulematrix.code.tex 2019/04/04 v3.1.2 (3.1.2)
\pgfmatrixcurrentrow=\count375
\pgfmatrixcurrentcolumn=\count376
\pgf@matrix@numberofcolumns=\count377
)
\tikz@expandcount=\count378

(/usr/local/texlive/2019/texmf-dist/tex/generic/pgf/frontendlayer/tikz/librarie
s/tikzlibrarytopaths.code.tex
File: tikzlibrarytopaths.code.tex 2019/04/04 v3.1.2 (3.1.2)
)))
(/usr/local/texlive/2019/texmf-dist/tex/generic/pgf/frontendlayer/tikz/librarie
s/tikzlibraryarrows.code.tex
File: tikzlibraryarrows.code.tex 2019/04/04 v3.1.2 (3.1.2)

(/usr/local/texlive/2019/texmf-dist/tex/generic/pgf/libraries/pgflibraryarrows.
code.tex
File: pgflibraryarrows.code.tex 2019/04/04 v3.1.2 (3.1.2)
\arrowsize=\dimen329
))
(/usr/local/texlive/2019/texmf-dist/tex/generic/pgf/frontendlayer/tikz/librarie
s/tikzlibrarypositioning.code.tex
File: tikzlibrarypositioning.code.tex 2019/04/04 v3.1.2 (3.1.2)
)
(/usr/local/texlive/2019/texmf-dist/tex/generic/pgf/frontendlayer/tikz/librarie
s/tikzlibraryshapes.code.tex
File: tikzlibraryshapes.code.tex 2019/04/04 v3.1.2 (3.1.2)

(/usr/local/texlive/2019/texmf-dist/tex/generic/pgf/frontendlayer/tikz/librarie
s/tikzlibraryshapes.geometric.code.tex
File: tikzlibraryshapes.geometric.code.tex 2019/04/04 v3.1.2 (3.1.2)

(/usr/local/texlive/2019/texmf-dist/tex/generic/pgf/libraries/shapes/pgflibrary
shapes.geometric.code.tex
File: pgflibraryshapes.geometric.code.tex 2019/04/04 v3.1.2 (3.1.2)
))
(/usr/local/texlive/2019/texmf-dist/tex/generic/pgf/frontendlayer/tikz/librarie
s/tikzlibraryshapes.misc.code.tex
File: tikzlibraryshapes.misc.code.tex 2019/04/04 v3.1.2 (3.1.2)

(/usr/local/texlive/2019/texmf-dist/tex/generic/pgf/libraries/shapes/pgflibrary
shapes.misc.code.tex
File: pgflibraryshapes.misc.code.tex 2019/04/04 v3.1.2 (3.1.2)
))
(/usr/local/texlive/2019/texmf-dist/tex/generic/pgf/frontendlayer/tikz/librarie
s/tikzlibraryshapes.symbols.code.tex
File: tikzlibraryshapes.symbols.code.tex 2019/04/04 v3.1.2 (3.1.2)

(/usr/local/texlive/2019/texmf-dist/tex/generic/pgf/libraries/shapes/pgflibrary
shapes.symbols.code.tex
File: pgflibraryshapes.symbols.code.tex 2019/04/04 v3.1.2 (3.1.2)
))
(/usr/local/texlive/2019/texmf-dist/tex/generic/pgf/frontendlayer/tikz/librarie
s/tikzlibraryshapes.arrows.code.tex
File: tikzlibraryshapes.arrows.code.tex 2019/04/04 v3.1.2 (3.1.2)

(/usr/local/texlive/2019/texmf-dist/tex/generic/pgf/libraries/shapes/pgflibrary
shapes.arrows.code.tex
File: pgflibraryshapes.arrows.code.tex 2019/04/04 v3.1.2 (3.1.2)
))
(/usr/local/texlive/2019/texmf-dist/tex/generic/pgf/frontendlayer/tikz/librarie
s/tikzlibraryshapes.callouts.code.tex
(/usr/local/texlive/2019/texmf-dist/tex/generic/pgf/libraries/shapes/pgflibrary
shapes.callouts.code.tex))
(/usr/local/texlive/2019/texmf-dist/tex/generic/pgf/frontendlayer/tikz/librarie
s/tikzlibraryshapes.multipart.code.tex
File: tikzlibraryshapes.multipart.code.tex 2019/04/04 v3.1.2 (3.1.2)

(/usr/local/texlive/2019/texmf-dist/tex/generic/pgf/libraries/shapes/pgflibrary
shapes.multipart.code.tex
File: pgflibraryshapes.multipart.code.tex 2019/04/04 v3.1.2 (3.1.2)
\pgfnodepartlowerbox=\box121
\pgfnodeparttwobox=\box122
\pgfnodepartthreebox=\box123
\pgfnodepartfourbox=\box124
\pgfnodeparttwentybox=\box125
\pgfnodepartnineteenbox=\box126
\pgfnodeparteighteenbox=\box127
\pgfnodepartseventeenbox=\box128
\pgfnodepartsixteenbox=\box129
\pgfnodepartfifteenbox=\box130
\pgfnodepartfourteenbox=\box131
\pgfnodepartthirteenbox=\box132
\pgfnodeparttwelvebox=\box133
\pgfnodepartelevenbox=\box134
\pgfnodeparttenbox=\box135
\pgfnodepartninebox=\box136
\pgfnodeparteightbox=\box137
\pgfnodepartsevenbox=\box138
\pgfnodepartsixbox=\box139
\pgfnodepartfivebox=\box140
)))) (./forallxsyr-basic.sty
(/usr/local/texlive/2019/texmf-dist/tex/latex/psnfss/mathptmx.sty
Package: mathptmx 2005/04/12 PSNFSS-v9.2a Times w/ Math, improved (SPQR, WaS) 
LaTeX Font Info:    Redeclaring symbol font `operators' on input line 28.
LaTeX Font Info:    Overwriting symbol font `operators' in version `normal'
(Font)                  OT1/cmr/m/n --> OT1/ztmcm/m/n on input line 28.
LaTeX Font Info:    Overwriting symbol font `operators' in version `bold'
(Font)                  OT1/cmr/bx/n --> OT1/ztmcm/m/n on input line 28.
LaTeX Font Info:    Redeclaring symbol font `letters' on input line 29.
LaTeX Font Info:    Overwriting symbol font `letters' in version `normal'
(Font)                  OML/cmm/m/it --> OML/ztmcm/m/it on input line 29.
LaTeX Font Info:    Overwriting symbol font `letters' in version `bold'
(Font)                  OML/cmm/b/it --> OML/ztmcm/m/it on input line 29.
LaTeX Font Info:    Redeclaring symbol font `symbols' on input line 30.
LaTeX Font Info:    Overwriting symbol font `symbols' in version `normal'
(Font)                  OMS/cmsy/m/n --> OMS/ztmcm/m/n on input line 30.
LaTeX Font Info:    Overwriting symbol font `symbols' in version `bold'
(Font)                  OMS/cmsy/b/n --> OMS/ztmcm/m/n on input line 30.
LaTeX Font Info:    Redeclaring symbol font `largesymbols' on input line 31.
LaTeX Font Info:    Overwriting symbol font `largesymbols' in version `normal'
(Font)                  OMX/cmex/m/n --> OMX/ztmcm/m/n on input line 31.
LaTeX Font Info:    Overwriting symbol font `largesymbols' in version `bold'
(Font)                  OMX/cmex/m/n --> OMX/ztmcm/m/n on input line 31.
\symbold=\mathgroup7
\symitalic=\mathgroup8
LaTeX Font Info:    Redeclaring math alphabet \mathbf on input line 34.
LaTeX Font Info:    Overwriting math alphabet `\mathbf' in version `normal'
(Font)                  OT1/cmr/bx/n --> OT1/ptm/bx/n on input line 34.
LaTeX Font Info:    Overwriting math alphabet `\mathbf' in version `bold'
(Font)                  OT1/cmr/bx/n --> OT1/ptm/bx/n on input line 34.
LaTeX Font Info:    Redeclaring math alphabet \mathit on input line 35.
LaTeX Font Info:    Overwriting math alphabet `\mathit' in version `normal'
(Font)                  OT1/cmr/m/it --> OT1/ptm/m/it on input line 35.
LaTeX Font Info:    Overwriting math alphabet `\mathit' in version `bold'
(Font)                  OT1/cmr/bx/it --> OT1/ptm/m/it on input line 35.
LaTeX Info: Redefining \hbar on input line 50.
)
(/usr/local/texlive/2019/texmf-dist/tex/latex/amsfonts/euscript.sty
Package: euscript 2009/06/22 v3.00 Euler Script fonts
LaTeX Font Info:    Overwriting math alphabet `\EuScript' in version `bold'
(Font)                  U/eus/m/n --> U/eus/b/n on input line 33.
))
\forallxsyr@idxfile=\write5
\openout5 = `forallxsyr.idx'.


Writing index file forallxsyr.idx 
(./forallxsyr.aux (./forallx-00-frontmatter.aux) (./forallx-01-what.aux)
(./forallx-02-tfl-sym.aux

LaTeX Warning: Label `exarg1' multiply defined.

) (./forallx-03-tfl-sem.aux) (./forallx-04-tfl-prf.aux)
(./forallx-05-fol-sym.aux) (./forallx-06-fol-prf.aux) (./forallx-07-fol-sem.aux

LaTeX Warning: Label `exarg4' multiply defined.

) (./forallx-08-reference.aux))
\openout1 = `forallxsyr.aux'.

LaTeX Font Info:    Checking defaults for OML/cmm/m/it on input line 7.
LaTeX Font Info:    ... okay on input line 7.
LaTeX Font Info:    Checking defaults for T1/cmr/m/n on input line 7.
LaTeX Font Info:    ... okay on input line 7.
LaTeX Font Info:    Checking defaults for OT1/cmr/m/n on input line 7.
LaTeX Font Info:    ... okay on input line 7.
LaTeX Font Info:    Checking defaults for OMS/cmsy/m/n on input line 7.
LaTeX Font Info:    ... okay on input line 7.
LaTeX Font Info:    Checking defaults for OMX/cmex/m/n on input line 7.
LaTeX Font Info:    ... okay on input line 7.
LaTeX Font Info:    Checking defaults for U/cmr/m/n on input line 7.
LaTeX Font Info:    ... okay on input line 7.
LaTeX Font Info:    Checking defaults for PD1/pdf/m/n on input line 7.
LaTeX Font Info:    ... okay on input line 7.
LaTeX Font Info:    Try loading font information for OT1+ptm on input line 7.

(/usr/local/texlive/2019/texmf-dist/tex/latex/psnfss/ot1ptm.fd
File: ot1ptm.fd 2001/06/04 font definitions for OT1/ptm.
)
\AtBeginShipoutBox=\box141
Package hyperref Info: Link coloring ON on input line 7.

(/usr/local/texlive/2019/texmf-dist/tex/latex/hyperref/nameref.sty
Package: nameref 2016/05/21 v2.44 Cross-referencing by name of section

(/usr/local/texlive/2019/texmf-dist/tex/generic/oberdiek/gettitlestring.sty
Package: gettitlestring 2016/05/16 v1.5 Cleanup title references (HO)
)
\c@section@level=\count379
)
Redoing nameref's sectioning
Redoing nameref's label
LaTeX Info: Redefining \nameref on input line 7.
LaTeX Info: Redefining \ref on input line 7.
LaTeX Info: Redefining \pageref on input line 7.
LaTeX Info: Redefining \nameref on input line 7.
(./forallxsyr.out) (./forallxsyr.out)
\@outlinefile=\write6
\openout6 = `forallxsyr.out'.


(/usr/local/texlive/2019/texmf-dist/tex/context/base/mkii/supp-pdf.mkii
[Loading MPS to PDF converter (version 2006.09.02).]
\scratchcounter=\count380
\scratchdimen=\dimen330
\scratchbox=\box142
\nofMPsegments=\count381
\nofMParguments=\count382
\everyMPshowfont=\toks50
\MPscratchCnt=\count383
\MPscratchDim=\dimen331
\MPnumerator=\count384
\makeMPintoPDFobject=\count385
\everyMPtoPDFconversion=\toks51
) (/usr/local/texlive/2019/texmf-dist/tex/latex/oberdiek/epstopdf-base.sty
Package: epstopdf-base 2016/05/15 v2.6 Base part for package epstopdf

(/usr/local/texlive/2019/texmf-dist/tex/latex/oberdiek/grfext.sty
Package: grfext 2016/05/16 v1.2 Manage graphics extensions (HO)
)
Package epstopdf-base Info: Redefining graphics rule for `.eps' on input line 4
38.
Package grfext Info: Graphics extension search list:
(grfext)             [.pdf,.png,.jpg,.mps,.jpeg,.jbig2,.jb2,.PDF,.PNG,.JPG,.JPE
G,.JBIG2,.JB2,.eps]
(grfext)             \AppendGraphicsExtensions on input line 456.

(/usr/local/texlive/2019/texmf-dist/tex/latex/latexconfig/epstopdf-sys.cfg
File: epstopdf-sys.cfg 2010/07/13 v1.3 Configuration of (r)epstopdf for TeX Liv
e
))
ABD: EveryShipout initializing macros
\openout2 = `forallx-00-frontmatter.aux'.

 (./forallx-00-frontmatter.tex
<cover-image.jpg, id=276, 755.2215pt x 377.2494pt>
File: cover-image.jpg Graphic file (type jpg)
<use cover-image.jpg>
Package pdftex.def Info: cover-image.jpg  used on input line 6.
(pdftex.def)             Requested size: 717.45636pt x 358.38489pt.
LaTeX Font Info:    Font shape `OT1/ptm/bx/n' in size <36> not available
(Font)              Font shape `OT1/ptm/b/n' tried instead on input line 13.
LaTeX Font Info:    Font shape `OT1/ptm/bx/it' in size <36> not available
(Font)              Font shape `OT1/ptm/b/it' tried instead on input line 13.
 [1



{/usr/local/texlive/2019/texmf-var/fonts/map/pdftex/updmap/pdftex.map} <./cover
-image.jpg>]
LaTeX Font Info:    Try loading font information for OMS+ptm on input line 29.
 (/usr/local/texlive/2019/texmf-dist/tex/latex/psnfss/omsptm.fd
File: omsptm.fd 
)
LaTeX Font Info:    Font shape `OMS/ptm/m/n' in size <10> not available
(Font)              Font shape `OMS/cmsy/m/n' tried instead on input line 29.
LaTeX Font Info:    Try loading font information for OT1+ztmcm on input line 41
.

(/usr/local/texlive/2019/texmf-dist/tex/latex/psnfss/ot1ztmcm.fd
File: ot1ztmcm.fd 2000/01/03 Fontinst v1.801 font definitions for OT1/ztmcm.
)
LaTeX Font Info:    Try loading font information for OML+ztmcm on input line 41
.

(/usr/local/texlive/2019/texmf-dist/tex/latex/psnfss/omlztmcm.fd
File: omlztmcm.fd 2000/01/03 Fontinst v1.801 font definitions for OML/ztmcm.
)
LaTeX Font Info:    Try loading font information for OMS+ztmcm on input line 41
.

(/usr/local/texlive/2019/texmf-dist/tex/latex/psnfss/omsztmcm.fd
File: omsztmcm.fd 2000/01/03 Fontinst v1.801 font definitions for OMS/ztmcm.
)
LaTeX Font Info:    Try loading font information for OMX+ztmcm on input line 41
.

(/usr/local/texlive/2019/texmf-dist/tex/latex/psnfss/omxztmcm.fd
File: omxztmcm.fd 2000/01/03 Fontinst v1.801 font definitions for OMX/ztmcm.
)
LaTeX Font Info:    Try loading font information for U+lasy on input line 41.

(/usr/local/texlive/2019/texmf-dist/tex/latex/base/ulasy.fd
File: ulasy.fd 1998/08/17 v2.2e LaTeX symbol font definitions
)
LaTeX Font Info:    Font shape `OT1/ptm/bx/n' in size <10> not available
(Font)              Font shape `OT1/ptm/b/n' tried instead on input line 41.
LaTeX Font Info:    Font shape `OT1/ptm/bx/n' in size <7.4> not available
(Font)              Font shape `OT1/ptm/b/n' tried instead on input line 41.
LaTeX Font Info:    Font shape `OT1/ptm/bx/n' in size <6> not available
(Font)              Font shape `OT1/ptm/b/n' tried instead on input line 41.
 [2]
LaTeX Font Info:    Font shape `OT1/ptm/bx/n' in size <24.88> not available
(Font)              Font shape `OT1/ptm/b/n' tried instead on input line 62.
LaTeX Font Info:    Font shape `OT1/ptm/bx/n' in size <10.95> not available
(Font)              Font shape `OT1/ptm/b/n' tried instead on input line 70.
LaTeX Font Info:    Font shape `OT1/ptm/bx/n' in size <8> not available
(Font)              Font shape `OT1/ptm/b/n' tried instead on input line 70.
) [3

]
(./forallxsyr.toc
LaTeX Font Info:    Font shape `OT1/ptm/bx/n' in size <12> not available
(Font)              Font shape `OT1/ptm/b/n' tried instead on input line 6.
LaTeX Font Info:    Font shape `OT1/ptm/bx/n' in size <9> not available
(Font)              Font shape `OT1/ptm/b/n' tried instead on input line 6.
LaTeX Font Info:    Font shape `OT1/ptm/bx/n' in size <7> not available
(Font)              Font shape `OT1/ptm/b/n' tried instead on input line 6.
 [4

]) [5] [6]
\openout2 = `forallx-01-what.aux'.

 (./forallx-01-what.tex
LaTeX Font Info:    Font shape `OT1/ptm/bx/n' in size <17.28> not available
(Font)              Font shape `OT1/ptm/b/n' tried instead on input line 4.
 [1



]
LaTeX Font Info:    Font shape `OT1/ptm/bx/n' in size <14.4> not available
(Font)              Font shape `OT1/ptm/b/n' tried instead on input line 62.
 [2]
LaTeX Font Info:    Font shape `OMS/ptm/m/n' in size <10.95> not available
(Font)              Font shape `OMS/cmsy/m/n' tried instead on input line 86.
 [3]
Package mdframed Info: Not enough space on this page on input line 102.
 [4] [5]
Underfull \hbox (badness 10000) in paragraph at lines 206--207

 []

pdfTeX warning (ext4): destination with the same identifier (name{ProbPart.1}) 
has been already used, duplicate ignored
<to be read again> 
                   \relax 
l.209 \problempart
                    Which of the following arguments are valid? Which are in...
[6]pdfTeX warning (ext4): destination with the same identifier (name{ProbPart.2
}) has been already used, duplicate ignored
<to be read again> 
                   \relax 
l.250 \problempart
                   [7] [8]
LaTeX Font Info:    Font shape `OT1/ptm/bx/n' in size <5> not available
(Font)              Font shape `OT1/ptm/b/n' tried instead on input line 401.
) [9]
\openout2 = `forallx-02-tfl-sym.aux'.

 (./forallx-02-tfl-sym.tex
LaTeX Font Info:    Font shape `OT1/ptm/bx/n' in size <20.74> not available
(Font)              Font shape `OT1/ptm/b/n' tried instead on input line 2.
 [10



] [11

] [12]
[13] [14] [15] [16] [17] [18] [19]pdfTeX warning (ext4): destination with the s
ame identifier (name{ProbPart.1}) has been already used, duplicate ignored
<to be read again> 
                   \relax 
l.346 \problempart
                   Using the symbolization key given, symbolize each English...
[20]pdfTeX warning (ext4): destination with the same identifier (name{ProbPart.
2}) has been already used, duplicate ignored
<to be read again> 
                   \relax 
l.361 \problempart
                   Using the symbolization key given, symbolize each English...
pdfTeX warning (ext4): destination with the same identifier (name{ProbPart.3}) 
has been already used, duplicate ignored
<to be read again> 
                   \relax 
l.384 \problempart
                   Using the symbolization key given, symbolize each English...
[21] [22] [23]
Underfull \hbox (badness 10000) in paragraph at lines 503--504

 []


Underfull \hbox (badness 10000) in paragraph at lines 505--506

 []

[24] [25] [26]
Package mdframed Info: Not enough space on this page on input line 546.
pdfTeX warning (ext4): destination with the same identifier (name{ProbPart.1}) 
has been already used, duplicate ignored
<to be read again> 
                   \relax 
l.551 \problempart
                  pdfTeX warning (ext4): destination with the same identifier (
name{ProbPart.2}) has been already used, duplicate ignored
<to be read again> 
                   \relax 
l.567 \problempart
                  pdfTeX warning (ext4): destination with the same identifier (
name{ProbPart.3}) has been already used, duplicate ignored
<to be read again> 
                   \relax 
l.577 \problempart
                  
Underfull \hbox (badness 10000) in paragraph at lines 577--579

 []

) [27]
\openout2 = `forallx-03-tfl-sem.aux'.

 (./forallx-03-tfl-sem.tex [28



] [29] [30] [31] [32] [33] [34] [35]pdfTeX warning (ext4): destination with the
 same identifier (name{ProbPart.1}) has been already used, duplicate ignored
<to be read again> 
                   \relax 
l.359 \problempart
                  pdfTeX warning (ext4): destination with the same identifier (
name{ProbPart.2}) has been already used, duplicate ignored
<to be read again> 
                   \relax 
l.373 \problempart
                  
Underfull \hbox (badness 10000) in paragraph at lines 373--375

 []

[36]
Package mdframed Info: Not enough space on this page on input line 384.
 [37] [38] [39] [40] [41]pdfTeX warning (ext4): destination with the same ident
ifier (name{ProbPart.1}) has been already used, duplicate ignored
<to be read again> 
                   \relax 
l.548 \problempart
                  pdfTeX warning (ext4): destination with the same identifier (
name{ProbPart.2}) has been already used, duplicate ignored
<to be read again> 
                   \relax 
l.551 \problempart
                  pdfTeX warning (ext4): destination with the same identifier (
name{ProbPart.3}) has been already used, duplicate ignored
<to be read again> 
                   \relax 
l.563 \problempart
                  pdfTeX warning (ext4): destination with the same identifier (
name{ProbPart.4}) has been already used, duplicate ignored
<to be read again> 
                   \relax 
l.572 \problempart
                  pdfTeX warning (ext4): destination with the same identifier (
name{ProbPart.5}) has been already used, duplicate ignored
<to be read again> 
                   \relax 
l.582 \problempart
                   [42]pdfTeX warning (ext4): destination with the same identif
ier (name{ProbPart.6}) has been already used, duplicate ignored
<to be read again> 
                   \relax 
l.609 \problempart
                   [43]pdfTeX warning (ext4): destination with the same identif
ier (name{ProbPart.1}) has been already used, duplicate ignored
<to be read again> 
                   \relax 
l.660 \problempart
                   [44] [45] [46] [47]pdfTeX warning (ext4): destination with t
he same identifier (name{ProbPart.1}) has been already used, duplicate ignored
<to be read again> 
                   \relax 
l.949 \problempart
                   [48] [49] [50]pdfTeX warning (ext4): destination with the sa
me identifier (name{ProbPart.1}) has been already used, duplicate ignored
<to be read again> 
                   \relax 
l.1076 \problempart
                   pdfTeX warning (ext4): destination with the same identifier 
(name{ProbPart.2}) has been already used, duplicate ignored
<to be read again> 
                   \relax 
l.1089 \problempart
                   ) [51]
\openout2 = `forallx-04-tfl-prf.aux'.

 (./forallx-04-tfl-prf.tex [52



] [53]
LaTeX Font Info:    Font shape `OMS/ptm/m/n' in size <9> not available
(Font)              Font shape `OMS/cmsy/m/n' tried instead on input line 69.
 [54]
Overfull \vbox (14.16508pt too high) detected at line 132
 []

Package mdframed Info: Box was splittet wrong
 starting loop to iterate the splitting point
(mdframed)              on input line 132.

Overfull \vbox (15.16508pt too high) detected at line 132
 []


Overfull \vbox (16.16508pt too high) detected at line 132
 []


Overfull \vbox (17.16508pt too high) detected at line 132
 []


Overfull \vbox (18.16508pt too high) detected at line 132
 []


Overfull \vbox (19.16508pt too high) detected at line 132
 []


Overfull \vbox (20.16508pt too high) detected at line 132
 []


Overfull \vbox (21.16508pt too high) detected at line 132
 []


Overfull \vbox (22.16508pt too high) detected at line 132
 []


Overfull \vbox (23.16508pt too high) detected at line 132
 []


Overfull \vbox (24.16508pt too high) detected at line 132
 []


Overfull \vbox (25.16508pt too high) detected at line 132
 []


Overfull \vbox (26.16508pt too high) detected at line 132
 []


Overfull \vbox (27.16508pt too high) detected at line 132
 []


Overfull \vbox (28.16508pt too high) detected at line 132
 []


Overfull \vbox (29.16508pt too high) detected at line 132
 []


Overfull \vbox (30.16508pt too high) detected at line 132
 []


Overfull \vbox (31.16508pt too high) detected at line 132
 []


Overfull \vbox (32.16508pt too high) detected at line 132
 []


Overfull \vbox (33.16508pt too high) detected at line 132
 []


Overfull \vbox (34.16508pt too high) detected at line 132
 []


Overfull \vbox (35.16508pt too high) detected at line 132
 []


Overfull \vbox (36.16508pt too high) detected at line 132
 []


Overfull \vbox (37.16508pt too high) detected at line 132
 []


Overfull \vbox (38.16508pt too high) detected at line 132
 []


Overfull \vbox (39.16508pt too high) detected at line 132
 []


Overfull \vbox (40.16508pt too high) detected at line 132
 []


Overfull \vbox (41.16508pt too high) detected at line 132
 []


Overfull \vbox (42.16508pt too high) detected at line 132
 []


Overfull \vbox (43.16508pt too high) detected at line 132
 []


Overfull \vbox (44.16508pt too high) detected at line 132
 []


Overfull \vbox (45.16508pt too high) detected at line 132
 []


Overfull \vbox (46.16508pt too high) detected at line 132
 []


Overfull \vbox (47.16508pt too high) detected at line 132
 []


Overfull \vbox (48.16508pt too high) detected at line 132
 []


Overfull \vbox (49.16508pt too high) detected at line 132
 []


Overfull \vbox (50.16508pt too high) detected at line 132
 []


Overfull \vbox (51.16508pt too high) detected at line 132
 []


Overfull \vbox (52.16508pt too high) detected at line 132
 []


Overfull \vbox (53.16508pt too high) detected at line 132
 []


Overfull \vbox (54.16508pt too high) detected at line 132
 []


Overfull \vbox (55.16508pt too high) detected at line 132
 []


Overfull \vbox (56.16508pt too high) detected at line 132
 []


Overfull \vbox (57.16508pt too high) detected at line 132
 []


Overfull \vbox (58.16508pt too high) detected at line 132
 []


Overfull \vbox (59.16508pt too high) detected at line 132
 []


Overfull \vbox (60.16508pt too high) detected at line 132
 []


Overfull \vbox (61.16508pt too high) detected at line 132
 []


Overfull \vbox (62.16508pt too high) detected at line 132
 []


Overfull \vbox (63.16508pt too high) detected at line 132
 []


Overfull \vbox (64.16508pt too high) detected at line 132
 []


Overfull \vbox (65.16508pt too high) detected at line 132
 []


Overfull \vbox (66.16508pt too high) detected at line 132
 []


Overfull \vbox (67.16508pt too high) detected at line 132
 []


Overfull \vbox (68.16508pt too high) detected at line 132
 []


Overfull \vbox (69.16508pt too high) detected at line 132
 []


Overfull \vbox (70.16508pt too high) detected at line 132
 []


Overfull \vbox (71.16508pt too high) detected at line 132
 []


Overfull \vbox (72.16508pt too high) detected at line 132
 []


Overfull \vbox (73.16508pt too high) detected at line 132
 []


Overfull \vbox (74.16508pt too high) detected at line 132
 []


Overfull \vbox (75.16508pt too high) detected at line 132
 []


Overfull \vbox (76.16508pt too high) detected at line 132
 []


Overfull \vbox (77.16508pt too high) detected at line 132
 []


Overfull \vbox (78.16508pt too high) detected at line 132
 []


Overfull \vbox (79.16508pt too high) detected at line 132
 []


Overfull \vbox (80.16508pt too high) detected at line 132
 []


Overfull \vbox (81.16508pt too high) detected at line 132
 []


Overfull \vbox (82.16508pt too high) detected at line 132
 []


Overfull \vbox (83.16508pt too high) detected at line 132
 []


Overfull \vbox (84.16508pt too high) detected at line 132
 []


Overfull \vbox (85.16508pt too high) detected at line 132
 []


Overfull \vbox (86.16508pt too high) detected at line 132
 []


Overfull \vbox (87.16508pt too high) detected at line 132
 []


Overfull \vbox (88.16508pt too high) detected at line 132
 []


Overfull \vbox (89.16508pt too high) detected at line 132
 []


Overfull \vbox (90.16508pt too high) detected at line 132
 []


Overfull \vbox (91.16508pt too high) detected at line 132
 []


Overfull \vbox (92.16508pt too high) detected at line 132
 []


Overfull \vbox (93.16508pt too high) detected at line 132
 []


Overfull \vbox (94.16508pt too high) detected at line 132
 []


Overfull \vbox (95.16508pt too high) detected at line 132
 []


Overfull \vbox (96.16508pt too high) detected at line 132
 []


Overfull \vbox (97.16508pt too high) detected at line 132
 []


Overfull \vbox (98.16508pt too high) detected at line 132
 []


Overfull \vbox (99.16508pt too high) detected at line 132
 []


Overfull \vbox (100.16508pt too high) detected at line 132
 []


Overfull \vbox (101.16508pt too high) detected at line 132
 []


Overfull \vbox (102.16508pt too high) detected at line 132
 []


Overfull \vbox (103.16508pt too high) detected at line 132
 []


Overfull \vbox (104.16508pt too high) detected at line 132
 []


Overfull \vbox (105.16508pt too high) detected at line 132
 []


Overfull \vbox (106.16508pt too high) detected at line 132
 []


Overfull \vbox (107.16508pt too high) detected at line 132
 []


Overfull \vbox (108.16508pt too high) detected at line 132
 []


Overfull \vbox (109.16508pt too high) detected at line 132
 []


Overfull \vbox (110.16508pt too high) detected at line 132
 []


Overfull \vbox (111.16508pt too high) detected at line 132
 []


Overfull \vbox (112.16508pt too high) detected at line 132
 []


Overfull \vbox (113.16508pt too high) detected at line 132
 []


Overfull \vbox (114.16508pt too high) detected at line 132
 []


Overfull \vbox (115.16508pt too high) detected at line 132
 []


Package mdframed Warning: correct box splittet fails
 It seems you are using a non splittable contents
(mdframed)                 on input line 132.

Package mdframed Info: You first box width is to small
 mdframed fixed it
(mdframed)              on input line 132.
[55] [56] [57] [58] [59] [60] [61] [62]
Underfull \hbox (badness 10000) in paragraph at lines 354--355

 []


Underfull \hbox (badness 10000) in paragraph at lines 364--365

 []


Underfull \hbox (badness 10000) in paragraph at lines 382--383

 []

[63]
Underfull \hbox (badness 10000) in paragraph at lines 396--397

 []


Underfull \hbox (badness 10000) in paragraph at lines 406--407

 []

pdfTeX warning (ext4): destination with the same identifier (name{ProbPart.1}) 
has been already used, duplicate ignored
<to be read again> 
                   \relax 
l.417 \problempart
                  pdfTeX warning (ext4): destination with the same identifier (
name{ProbPart.2}) has been already used, duplicate ignored
<to be read again> 
                   \relax 
l.426 \problempart
                  pdfTeX warning (ext4): destination with the same identifier (
name{ProbPart.3}) has been already used, duplicate ignored
<to be read again> 
                   \relax 
l.437 \problempart
                   [64] [65]
Overfull \vbox (13.17673pt too high) detected at line 524
 []

Package mdframed Info: Box was splittet wrong
 starting loop to iterate the splitting point
(mdframed)              on input line 524.

Overfull \vbox (14.17673pt too high) detected at line 524
 []


Overfull \vbox (15.17673pt too high) detected at line 524
 []


Overfull \vbox (16.17673pt too high) detected at line 524
 []


Overfull \vbox (17.17673pt too high) detected at line 524
 []


Overfull \vbox (18.17673pt too high) detected at line 524
 []


Overfull \vbox (19.17673pt too high) detected at line 524
 []


Overfull \vbox (20.17673pt too high) detected at line 524
 []


Overfull \vbox (21.17673pt too high) detected at line 524
 []


Overfull \vbox (22.17673pt too high) detected at line 524
 []


Overfull \vbox (23.17673pt too high) detected at line 524
 []


Overfull \vbox (24.17673pt too high) detected at line 524
 []


Overfull \vbox (25.17673pt too high) detected at line 524
 []


Overfull \vbox (26.17673pt too high) detected at line 524
 []


Overfull \vbox (27.17673pt too high) detected at line 524
 []


Overfull \vbox (28.17673pt too high) detected at line 524
 []


Overfull \vbox (29.17673pt too high) detected at line 524
 []


Overfull \vbox (30.17673pt too high) detected at line 524
 []


Overfull \vbox (31.17673pt too high) detected at line 524
 []


Overfull \vbox (32.17673pt too high) detected at line 524
 []


Overfull \vbox (33.17673pt too high) detected at line 524
 []


Overfull \vbox (34.17673pt too high) detected at line 524
 []


Overfull \vbox (35.17673pt too high) detected at line 524
 []


Overfull \vbox (36.17673pt too high) detected at line 524
 []


Overfull \vbox (37.17673pt too high) detected at line 524
 []


Overfull \vbox (38.17673pt too high) detected at line 524
 []


Overfull \vbox (39.17673pt too high) detected at line 524
 []


Overfull \vbox (40.17673pt too high) detected at line 524
 []


Overfull \vbox (41.17673pt too high) detected at line 524
 []


Overfull \vbox (42.17673pt too high) detected at line 524
 []


Overfull \vbox (43.17673pt too high) detected at line 524
 []


Overfull \vbox (44.17673pt too high) detected at line 524
 []


Overfull \vbox (45.17673pt too high) detected at line 524
 []


Overfull \vbox (46.17673pt too high) detected at line 524
 []


Overfull \vbox (47.17673pt too high) detected at line 524
 []


Overfull \vbox (48.17673pt too high) detected at line 524
 []


Overfull \vbox (49.17673pt too high) detected at line 524
 []


Overfull \vbox (50.17673pt too high) detected at line 524
 []


Overfull \vbox (51.17673pt too high) detected at line 524
 []


Overfull \vbox (52.17673pt too high) detected at line 524
 []


Overfull \vbox (53.17673pt too high) detected at line 524
 []


Overfull \vbox (54.17673pt too high) detected at line 524
 []


Overfull \vbox (55.17673pt too high) detected at line 524
 []


Overfull \vbox (56.17673pt too high) detected at line 524
 []


Overfull \vbox (57.17673pt too high) detected at line 524
 []


Overfull \vbox (58.17673pt too high) detected at line 524
 []


Overfull \vbox (59.17673pt too high) detected at line 524
 []


Overfull \vbox (60.17673pt too high) detected at line 524
 []


Overfull \vbox (61.17673pt too high) detected at line 524
 []


Overfull \vbox (62.17673pt too high) detected at line 524
 []


Overfull \vbox (63.17673pt too high) detected at line 524
 []


Overfull \vbox (64.17673pt too high) detected at line 524
 []


Overfull \vbox (65.17673pt too high) detected at line 524
 []


Overfull \vbox (66.17673pt too high) detected at line 524
 []


Overfull \vbox (67.17673pt too high) detected at line 524
 []


Overfull \vbox (68.17673pt too high) detected at line 524
 []


Overfull \vbox (69.17673pt too high) detected at line 524
 []


Overfull \vbox (70.17673pt too high) detected at line 524
 []


Overfull \vbox (71.17673pt too high) detected at line 524
 []


Overfull \vbox (72.17673pt too high) detected at line 524
 []


Overfull \vbox (73.17673pt too high) detected at line 524
 []


Overfull \vbox (74.17673pt too high) detected at line 524
 []


Overfull \vbox (75.17673pt too high) detected at line 524
 []


Overfull \vbox (76.17673pt too high) detected at line 524
 []


Overfull \vbox (77.17673pt too high) detected at line 524
 []


Overfull \vbox (78.17673pt too high) detected at line 524
 []


Overfull \vbox (79.17673pt too high) detected at line 524
 []


Overfull \vbox (80.17673pt too high) detected at line 524
 []


Overfull \vbox (81.17673pt too high) detected at line 524
 []


Overfull \vbox (82.17673pt too high) detected at line 524
 []


Overfull \vbox (83.17673pt too high) detected at line 524
 []


Overfull \vbox (84.17673pt too high) detected at line 524
 []


Overfull \vbox (85.17673pt too high) detected at line 524
 []


Overfull \vbox (86.17673pt too high) detected at line 524
 []


Overfull \vbox (87.17673pt too high) detected at line 524
 []


Overfull \vbox (88.17673pt too high) detected at line 524
 []


Overfull \vbox (89.17673pt too high) detected at line 524
 []


Overfull \vbox (90.17673pt too high) detected at line 524
 []


Overfull \vbox (91.17673pt too high) detected at line 524
 []


Overfull \vbox (92.17673pt too high) detected at line 524
 []


Overfull \vbox (93.17673pt too high) detected at line 524
 []


Overfull \vbox (94.17673pt too high) detected at line 524
 []


Overfull \vbox (95.17673pt too high) detected at line 524
 []


Overfull \vbox (96.17673pt too high) detected at line 524
 []


Overfull \vbox (97.17673pt too high) detected at line 524
 []


Overfull \vbox (98.17673pt too high) detected at line 524
 []


Overfull \vbox (99.17673pt too high) detected at line 524
 []


Overfull \vbox (100.17673pt too high) detected at line 524
 []


Overfull \vbox (101.17673pt too high) detected at line 524
 []


Overfull \vbox (102.17673pt too high) detected at line 524
 []


Overfull \vbox (103.17673pt too high) detected at line 524
 []


Overfull \vbox (104.17673pt too high) detected at line 524
 []


Overfull \vbox (105.17673pt too high) detected at line 524
 []


Overfull \vbox (106.17673pt too high) detected at line 524
 []


Overfull \vbox (107.17673pt too high) detected at line 524
 []


Overfull \vbox (108.17673pt too high) detected at line 524
 []


Overfull \vbox (109.17673pt too high) detected at line 524
 []


Overfull \vbox (110.17673pt too high) detected at line 524
 []


Overfull \vbox (111.17673pt too high) detected at line 524
 []


Overfull \vbox (112.17673pt too high) detected at line 524
 []


Overfull \vbox (113.17673pt too high) detected at line 524
 []


Overfull \vbox (114.17673pt too high) detected at line 524
 []


Package mdframed Warning: correct box splittet fails
 It seems you are using a non splittable contents
(mdframed)                 on input line 524.

Package mdframed Info: You first box width is to small
 mdframed fixed it
(mdframed)              on input line 524.
[66] [67]pdfTeX warning (ext4): destination with the same identifier (name{Prob
Part.1}) has been already used, duplicate ignored
<to be read again> 
                   \relax 
l.571 \problempart
                   [68] [69]
Underfull \hbox (badness 10000) in paragraph at lines 662--664

 []


Underfull \hbox (badness 10000) in paragraph at lines 665--673

 []

[70] [71]
Underfull \hbox (badness 10000) in paragraph at lines 700--701

 []

pdfTeX warning (ext4): destination with the same identifier (name{ProbPart.1}) 
has been already used, duplicate ignored
<to be read again> 
                   \relax 
l.729 \problempart
                   [72]pdfTeX warning (ext4): destination with the same identif
ier (name{ProbPart.2}) has been already used, duplicate ignored
<to be read again> 
                   \relax 
l.770 \problempart
                  pdfTeX warning (ext4): destination with the same identifier (
name{ProbPart.3}) has been already used, duplicate ignored
<to be read again> 
                   \relax 
l.788 \problempart
                  pdfTeX warning (ext4): destination with the same identifier (
name{ProbPart.4}) has been already used, duplicate ignored
<to be read again> 
                   \relax 
l.800 \problempart
                   [73]pdfTeX warning (ext4): destination with the same identif
ier (name{ProbPart.5}) has been already used, duplicate ignored
<to be read again> 
                   \relax 
l.811 \problempart
                  
Underfull \hbox (badness 10000) in paragraph at lines 838--839

 []

[74]
Underfull \hbox (badness 10000) in paragraph at lines 842--854

 []

[75] [76]
Underfull \hbox (badness 10000) in paragraph at lines 927--929

 []


Underfull \hbox (badness 10000) in paragraph at lines 931--941

 []

[77]pdfTeX warning (ext4): destination with the same identifier (name{ProbPart.
1}) has been already used, duplicate ignored
<to be read again> 
                   \relax 
l.949 \problempart
                   [78]pdfTeX warning (ext4): destination with the same identif
ier (name{ProbPart.2}) has been already used, duplicate ignored
<to be read again> 
                   \relax 
l.997 \problempart
                  pdfTeX warning (ext4): destination with the same identifier (
name{ProbPart.3}) has been already used, duplicate ignored
<to be read again> 
                   \relax 
l.1011 \problempart
                   ) [79]
\openout2 = `forallx-05-fol-sym.aux'.

 (./forallx-05-fol-sym.tex [80



] [81

] [82] [83]
[84] [85]
LaTeX Font Info:    Try loading font information for U+eus on input line 179.
 (/usr/local/texlive/2019/texmf-dist/tex/latex/amsfonts/ueus.fd
File: ueus.fd 2013/01/14 v3.01 Euler Script
)
[86] [87] [88] [89] [90] [91] [92]pdfTeX warning (ext4): destination with the s
ame identifier (name{ProbPart.1}) has been already used, duplicate ignored
<to be read again> 
                   \relax 
l.369 \problempart
                  \label{pr.BarbaraEtc}pdfTeX warning (ext4): destination with 
the same identifier (name{ProbPart.2}) has been already used, duplicate ignored

<to be read again> 
                   \relax 
l.393 \problempart
                  pdfTeX warning (ext4): destination with the same identifier (
name{ProbPart.3}) has been already used, duplicate ignored
<to be read again> 
                   \relax 
l.412 \problempart
                  \label{pr.FOLalligators} [93]pdfTeX warning (ext4): destinati
on with the same identifier (name{ProbPart.4}) has been already used, duplicate
 ignored
<to be read again> 
                   \relax 
l.444 \problempart
                  pdfTeX warning (ext4): destination with the same identifier (
name{ProbPart.5}) has been already used, duplicate ignored
<to be read again> 
                   \relax 
l.459 \problempart
                   [94] [95] [96] [97] [98] [99]pdfTeX warning (ext4): destinat
ion with the same identifier (name{ProbPart.1}) has been already used, duplicat
e ignored
<to be read again> 
                   \relax 
l.645 \problempart
                   [100]pdfTeX warning (ext4): destination with the same identi
fier (name{ProbPart.2}) has been already used, duplicate ignored
<to be read again> 
                   \relax 
l.677 \problempart
                   [101]pdfTeX warning (ext4): destination with the same identi
fier (name{ProbPart.3}) has been already used, duplicate ignored
<to be read again> 
                   \relax 
l.708 \problempart
                  pdfTeX warning (ext4): destination with the same identifier (
name{ProbPart.4}) has been already used, duplicate ignored
<to be read again> 
                   \relax 
l.734 \problempart
                   [102] [103] [104] [105] [106]pdfTeX warning (ext4): destinat
ion with the same identifier (name{ProbPart.1}) has been already used, duplicat
e ignored
<to be read again> 
                   \relax 
l.887 \problempart
                   Explain why:pdfTeX warning (ext4): destination with the same
 identifier (name{ProbPart.2}) has been already used, duplicate ignored
<to be read again> 
                   \relax 
l.997 \problempart
                   [107]pdfTeX warning (ext4): destination with the same identi
fier (name{ProbPart.3}) has been already used, duplicate ignored
<to be read again> 
                   \relax 
l.1021 \problempart
                   pdfTeX warning (ext4): destination with the same identifier 
(name{ProbPart.4}) has been already used, duplicate ignored
<to be read again> 
                   \relax 
l.1053 \problempart
                    Using the following symbolization key: [108] [109] [110]
[111]
Underfull \hbox (badness 10000) in paragraph at lines 1200--1200

 []

pdfTeX warning (ext4): destination with the same identifier (name{ProbPart.1}) 
has been already used, duplicate ignored
<to be read again> 
                   \relax 
l.1237 \problempart
                   pdfTeX warning (ext4): destination with the same identifier 
(name{ProbPart.2}) has been already used, duplicate ignored
<to be read again> 
                   \relax 
l.1249 \problempart
                    [112]) [113]
\openout2 = `forallx-06-fol-prf.aux'.

 (./forallx-06-fol-prf.tex [114



] [115] [116]
[117] [118]pdfTeX warning (ext4): destination with the same identifier (name{Pr
obPart.1}) has been already used, duplicate ignored
<to be read again> 
                   \relax 
l.172 \problempart
                   Given natural deduction proofs for the following (for the...
[119] [120] [121] [122] [123] [124]pdfTeX warning (ext4): destination with the 
same identifier (name{ProbPart.1}) has been already used, duplicate ignored
<to be read again> 
                   \relax 
l.405 \problempart
                  
Overfull \vbox (10.7647pt too high) has occurred while \output is active []


Overfull \vbox (10.7647pt too high) has occurred while \output is active []


[125]pdfTeX warning (ext4): destination with the same identifier (name{ProbPart
.2}) has been already used, duplicate ignored
<to be read again> 
                   \relax 
l.425 \problempart
                  pdfTeX warning (ext4): destination with the same identifier (
name{ProbPart.3}) has been already used, duplicate ignored
<to be read again> 
                   \relax 
l.472 \problempart
                  pdfTeX warning (ext4): destination with the same identifier (
name{ProbPart.4}) has been already used, duplicate ignored
<to be read again> 
                   \relax 
l.478 \problempart
                   [126]pdfTeX warning (ext4): destination with the same identi
fier (name{ProbPart.5}) has been already used, duplicate ignored
<to be read again> 
                   \relax 
l.493 \problempart
                  pdfTeX warning (ext4): destination with the same identifier (
name{ProbPart.6}) has been already used, duplicate ignored
<to be read again> 
                   \relax 
l.509 \problempart
                  pdfTeX warning (ext4): destination with the same identifier (
name{ProbPart.7}) has been already used, duplicate ignored
<to be read again> 
                   \relax 
l.516 \problempart
                   [127] [128] [129]pdfTeX warning (ext4): destination with the
 same identifier (name{ProbPart.1}) has been already used, duplicate ignored
<to be read again> 
                   \relax 
l.662 \problempart
                   Here are various important properties that a binary relat...
pdfTeX warning (ext4): destination with the same identifier (name{ProbPart.2}) 
has been already used, duplicate ignored
<to be read again> 
                   \relax 
l.683 \problempart
                   [130]pdfTeX warning (ext4): destination with the same identi
fier (name{ProbPart.3}) has been already used, duplicate ignored
<to be read again> 
                   \relax 
l.699 \problempart
                  pdfTeX warning (ext4): destination with the same identifier (
name{ProbPart.4}) has been already used, duplicate ignored
<to be read again> 
                   \relax 
l.712 \problempart
                  pdfTeX warning (ext4): destination with the same identifier (
name{ProbPart.5}) has been already used, duplicate ignored
<to be read again> 
                   \relax 
l.723 \problempart
                   [131]pdfTeX warning (ext4): destination with the same identi
fier (name{ProbPart.1}) has been already used, duplicate ignored
<to be read again> 
                   \relax 
l.807 \problempart
                   [132]pdfTeX warning (ext4): destination with the same identi
fier (name{ProbPart.2}) has been already used, duplicate ignored
<to be read again> 
                   \relax 
l.816 \problempart
                  pdfTeX warning (ext4): destination with the same identifier (
name{ProbPart.3}) has been already used, duplicate ignored
<to be read again> 
                   \relax 
l.825 \problempart
                  ) [133]
\openout2 = `forallx-07-fol-sem.aux'.

 (./forallx-07-fol-sem.tex [134



] [135] [136] [137]
[138] [139]
Underfull \hbox (badness 10000) in paragraph at lines 237--237

 []


Underfull \hbox (badness 10000) in paragraph at lines 237--237

 []


Underfull \hbox (badness 10000) in paragraph at lines 237--237

 []


Underfull \hbox (badness 10000) in paragraph at lines 237--237

 []

[140]
Underfull \hbox (badness 10000) in paragraph at lines 275--275

 []

[141]
Underfull \hbox (badness 10000) in paragraph at lines 283--283

 []


Underfull \hbox (badness 10000) in paragraph at lines 300--301

 []

[142]
Overfull \hbox (10.95003pt too wide) in paragraph at lines 302--324
[]$[]$ 
 []

[143]
Underfull \hbox (badness 10000) in paragraph at lines 361--362

 []


Overfull \hbox (10.95003pt too wide) in paragraph at lines 363--385
[]$[]$ 
 []

[144]pdfTeX warning (ext4): destination with the same identifier (name{ProbPart
.1}) has been already used, duplicate ignored
<to be read again> 
                   \relax 
l.435 \problempart
                  pdfTeX warning (ext4): destination with the same identifier (
name{ProbPart.2}) has been already used, duplicate ignored
<to be read again> 
                   \relax 
l.472 \problempart
                   [145]pdfTeX warning (ext4): destination with the same identi
fier (name{ProbPart.3}) has been already used, duplicate ignored
<to be read again> 
                   \relax 
l.517 \problempart
                   [146]
Underfull \hbox (badness 10000) in paragraph at lines 595--595

 []


Underfull \hbox (badness 10000) in paragraph at lines 595--595

 []


Underfull \hbox (badness 10000) in paragraph at lines 595--595

 []


Underfull \hbox (badness 10000) in paragraph at lines 595--595

 []

[147] [148] [149] [150]
Package mdframed Info: Not enough space on this page on input line 752.
 [151] [152] [153] [154] [155]pdfTeX warning (ext4): destination with the same 
identifier (name{ProbPart.1}) has been already used, duplicate ignored
<to be read again> 
                   \relax 
l.1031 \problempart
                    [156]pdfTeX warning (ext4): destination with the same ident
ifier (name{ProbPart.2}) has been already used, duplicate ignored
<to be read again> 
                   \relax 
l.1053 \problempart
                   pdfTeX warning (ext4): destination with the same identifier 
(name{ProbPart.3}) has been already used, duplicate ignored
<to be read again> 
                   \relax 
l.1067 \problempart
                   pdfTeX warning (ext4): destination with the same identifier 
(name{ProbPart.4}) has been already used, duplicate ignored
<to be read again> 
                   \relax 
l.1084 \problempart
                    [157] [158]
Underfull \hbox (badness 10000) in paragraph at lines 1135--1135

 []


Underfull \hbox (badness 10000) in paragraph at lines 1152--1152

 []


Underfull \hbox (badness 10000) in paragraph at lines 1152--1152

 []


Underfull \hbox (badness 10000) in paragraph at lines 1152--1152

 []


Underfull \hbox (badness 10000) in paragraph at lines 1152--1152

 []


Underfull \hbox (badness 10000) in paragraph at lines 1152--1152

 []


Underfull \hbox (badness 10000) in paragraph at lines 1152--1152

 []

) [159]
\openout2 = `forallx-08-reference.aux'.

 (./forallx-08-reference.tex [160



] [161]) [162] (./forallxsyr.ind)
\tf@toc=\write7
\openout7 = `forallxsyr.toc'.

Package atveryend Info: Empty hook `BeforeClearDocument' on input line 48.
Package atveryend Info: Empty hook `AfterLastShipout' on input line 48.

(./forallxsyr.aux (./forallx-00-frontmatter.aux) (./forallx-01-what.aux)
(./forallx-02-tfl-sym.aux) (./forallx-03-tfl-sem.aux) (./forallx-04-tfl-prf.aux
) (./forallx-05-fol-sym.aux) (./forallx-06-fol-prf.aux)
(./forallx-07-fol-sem.aux) (./forallx-08-reference.aux))
Package atveryend Info: Executing hook `AtVeryEndDocument' on input line 48.
Package atveryend Info: Executing hook `AtEndAfterFileList' on input line 48.
Package rerunfilecheck Info: File `forallxsyr.out' has not changed.
(rerunfilecheck)             Checksum: 36D6F57897B2BD29B9C88E983891EA81;4507.


LaTeX Warning: There were multiply-defined labels.

Package atveryend Info: Empty hook `AtVeryVeryEnd' on input line 48.
 ) 
Here is how much of TeX's memory you used:
 35867 strings out of 492616
 668927 string characters out of 6129482
 809426 words of memory out of 5000000
 38328 multiletter control sequences out of 15000+600000
 614580 words of font info for 210 fonts, out of 8000000 for 9000
 1141 hyphenation exceptions out of 8191
 68i,22n,73p,1345b,733s stack positions out of 5000i,500n,10000p,200000b,80000s
{/usr/local/texlive/2019/texmf-dist/fonts/enc/dvips/base/8r.enc}</usr/local/t
exlive/2019/texmf-dist/fonts/type1/public/amsfonts/cm/cmex10.pfb></usr/local/te
xlive/2019/texmf-dist/fonts/type1/public/amsfonts/cm/cmmi10.pfb></usr/local/tex
live/2019/texmf-dist/fonts/type1/public/amsfonts/cm/cmr10.pfb></usr/local/texli
ve/2019/texmf-dist/fonts/type1/public/amsfonts/cm/cmsy10.pfb></usr/local/texliv
e/2019/texmf-dist/fonts/type1/public/amsfonts/cm/cmsy9.pfb></usr/local/texlive/
2019/texmf-dist/fonts/type1/public/amsfonts/cm/cmtt10.pfb></usr/local/texlive/2
019/texmf-dist/fonts/type1/public/amsfonts/cm/cmtt9.pfb></usr/local/texlive/201
9/texmf-dist/fonts/type1/public/amsfonts/euler/eusm10.pfb></usr/local/texlive/2
019/texmf-dist/fonts/type1/public/amsfonts/symbols/msam10.pfb></usr/local/texli
ve/2019/texmf-dist/fonts/type1/public/amsfonts/symbols/msbm10.pfb></usr/local/t
exlive/2019/texmf-dist/fonts/type1/urw/symbol/usyr.pfb></usr/local/texlive/2019
/texmf-dist/fonts/type1/urw/times/utmb8a.pfb></usr/local/texlive/2019/texmf-dis
t/fonts/type1/urw/times/utmbi8a.pfb></usr/local/texlive/2019/texmf-dist/fonts/t
ype1/urw/times/utmr8a.pfb></usr/local/texlive/2019/texmf-dist/fonts/type1/urw/t
imes/utmr8a.pfb></usr/local/texlive/2019/texmf-dist/fonts/type1/urw/times/utmri
8a.pfb></usr/local/texlive/2019/texmf-dist/fonts/type1/public/boondox/zxxrw8a.p
fb>
Output written on forallxsyr.pdf (168 pages, 2775358 bytes).
PDF statistics:
 2284 PDF objects out of 2487 (max. 8388607)
 2075 compressed objects within 21 object streams
 873 named destinations out of 1000 (max. 500000)
 554 words of extra memory for PDF output out of 10000 (max. 10000000)

